10.easyfig.fa	11.easyfig.fa	52.381	42	20	0	39209	39334	10983	11108	3.80e-13	61.6
10.easyfig.fa	11.easyfig.fa	28.947	38	27	0	39473	39586	11205	11318	3.80e-13	33.1
10.easyfig.fa	11.easyfig.fa	64.706	17	6	0	5346	5396	10149	10199	3.80e-13	29.9
10.easyfig.fa	11.easyfig.fa	47.368	19	10	0	3452	3508	5884	5940	3.80e-13	29.5
10.easyfig.fa	11.easyfig.fa	35.484	31	20	0	40225	40317	16262	16354	3.80e-13	29.0
10.easyfig.fa	11.easyfig.fa	22.727	44	34	0	16557	16688	10632	10763	3.80e-13	24.9
10.easyfig.fa	11.easyfig.fa	55.263	38	17	0	39324	39211	11098	10985	6.53e-05	41.4
10.easyfig.fa	11.easyfig.fa	33.333	30	20	0	38185	38096	16991	16902	0.063	29.5
10.easyfig.fa	11.easyfig.fa	54.167	24	11	0	16609	16538	4352	4281	0.063	29.5
10.easyfig.fa	11.easyfig.fa	40.909	22	13	0	34790	34725	16292	16227	0.063	25.8
10.easyfig.fa	11.easyfig.fa	57.895	19	8	0	30650	30594	13450	13394	0.063	25.4
10.easyfig.fa	11.easyfig.fa	63.636	11	4	0	19237	19205	4482	4450	0.063	25.4
10.easyfig.fa	11.easyfig.fa	53.846	13	6	0	12946	12908	3578	3540	0.063	25.4
10.easyfig.fa	11.easyfig.fa	42.308	26	15	0	30509	30432	8678	8601	0.063	24.9
10.easyfig.fa	11.easyfig.fa	35.897	39	25	0	31559	31443	17009	16893	0.46	28.1
10.easyfig.fa	11.easyfig.fa	54.167	24	11	0	9429	9358	13705	13634	0.46	27.2
10.easyfig.fa	11.easyfig.fa	27.027	37	27	0	9788	9678	15323	15213	0.46	26.7
10.easyfig.fa	11.easyfig.fa	45.455	22	12	0	2024	1959	4497	4432	0.46	26.7
10.easyfig.fa	11.easyfig.fa	66.667	15	5	0	3693	3649	13205	13161	0.46	24.4
10.easyfig.fa	11.easyfig.fa	39.130	23	14	0	12614	12682	10073	10005	0.90	27.6
10.easyfig.fa	11.easyfig.fa	38.235	34	21	0	19264	19163	2945	3046	1.2	27.2
10.easyfig.fa	11.easyfig.fa	30.000	30	21	0	21161	21250	14538	14449	1.7	26.7
10.easyfig.fa	11.easyfig.fa	36.364	22	14	0	22822	22887	6571	6636	1.7	26.7
10.easyfig.fa	11.easyfig.fa	44.828	29	16	0	35248	35162	4577	4663	2.3	26.3
10.easyfig.fa	11.easyfig.fa	33.333	30	20	0	34183	34094	10641	10730	2.3	26.3
10.easyfig.fa	11.easyfig.fa	45.000	20	11	0	17953	17894	12499	12558	2.3	26.3
10.easyfig.fa	11.easyfig.fa	39.130	23	14	0	13270	13338	17343	17275	3.2	25.8
10.easyfig.fa	11.easyfig.fa	37.500	24	15	0	13282	13353	2618	2689	3.2	25.8
10.easyfig.fa	11.easyfig.fa	29.630	27	19	0	47397	47477	9471	9551	3.2	25.8
10.easyfig.fa	11.easyfig.fa	34.146	41	27	0	15184	15062	5175	5053	3.2	25.8
10.easyfig.fa	11.easyfig.fa	63.158	19	7	0	18653	18709	7645	7701	4.4	25.4
10.easyfig.fa	11.easyfig.fa	34.783	23	15	0	18635	18703	12519	12451	6.0	24.9
10.easyfig.fa	11.easyfig.fa	33.333	21	14	0	21873	21935	8323	8385	6.0	24.9
10.easyfig.fa	11.easyfig.fa	42.308	26	15	0	36819	36896	9393	9316	6.0	24.9
10.easyfig.fa	11.easyfig.fa	41.667	24	14	0	26021	26092	8715	8644	6.0	24.9
10.easyfig.fa	11.easyfig.fa	50.000	20	10	0	16598	16539	4341	4282	6.0	24.9
10.easyfig.fa	11.easyfig.fa	42.105	19	11	0	22438	22494	12326	12382	8.3	24.4
10.easyfig.fa	11.easyfig.fa	50.000	20	10	0	29371	29430	5495	5436	8.3	24.4
10.easyfig.fa	11.easyfig.fa	47.368	19	10	0	14153	14209	5104	5048	8.3	24.4
10.easyfig.fa	11.easyfig.fa	40.000	30	18	0	5416	5327	8083	8172	8.3	24.4
10.easyfig.fa	11.easyfig.fa	36.000	25	16	0	18601	18527	11828	11902	8.3	24.4
