11.easyfig.fa	12.easyfig.fa	55.000	40	18	0	10989	11108	8031	7912	1.43e-12	60.6
11.easyfig.fa	12.easyfig.fa	38.235	34	21	0	11196	11297	7785	7684	1.43e-12	35.9
11.easyfig.fa	12.easyfig.fa	57.576	33	14	0	14441	14343	5370	5272	2.35e-04	38.6
11.easyfig.fa	12.easyfig.fa	73.913	23	6	0	14374	14442	5303	5371	3.53e-04	36.8
11.easyfig.fa	12.easyfig.fa	42.424	33	19	0	14741	14839	6527	6625	3.53e-04	30.4
11.easyfig.fa	12.easyfig.fa	51.515	33	16	0	14481	14383	5410	5312	0.002	35.9
11.easyfig.fa	12.easyfig.fa	69.565	23	7	0	14442	14374	5248	5180	0.002	35.9
11.easyfig.fa	12.easyfig.fa	70.000	20	6	0	14444	14385	5250	5191	0.006	34.1
11.easyfig.fa	12.easyfig.fa	43.478	46	26	0	14479	14342	5408	5271	0.011	33.1
11.easyfig.fa	12.easyfig.fa	31.250	32	22	0	11402	11307	15878	15973	0.038	31.3
11.easyfig.fa	12.easyfig.fa	77.778	18	4	0	14387	14440	5193	5246	0.13	29.5
11.easyfig.fa	12.easyfig.fa	52.500	40	19	0	14364	14483	5293	5412	0.13	29.5
11.easyfig.fa	12.easyfig.fa	37.500	40	25	0	10249	10368	5247	5128	0.13	29.5
11.easyfig.fa	12.easyfig.fa	62.500	16	6	0	7051	7098	7059	7012	0.66	27.2
11.easyfig.fa	12.easyfig.fa	60.000	30	12	0	14461	14372	5267	5178	0.66	27.2
11.easyfig.fa	12.easyfig.fa	52.941	17	8	0	10586	10536	12693	12743	1.7	25.8
11.easyfig.fa	12.easyfig.fa	38.889	18	11	0	1702	1649	7159	7106	3.2	24.9
11.easyfig.fa	12.easyfig.fa	42.105	19	11	0	4083	4027	24365	24421	3.2	24.9
11.easyfig.fa	12.easyfig.fa	32.353	34	23	0	9557	9456	3279	3380	4.4	24.4
11.easyfig.fa	12.easyfig.fa	34.483	29	19	0	9597	9511	6524	6610	4.4	24.4
11.easyfig.fa	12.easyfig.fa	32.143	28	19	0	3672	3755	1368	1285	4.4	24.4
11.easyfig.fa	12.easyfig.fa	39.130	23	14	0	12448	12380	23327	23259	6.1	24.0
11.easyfig.fa	12.easyfig.fa	37.143	35	22	0	7140	7036	6970	7074	6.1	24.0
11.easyfig.fa	12.easyfig.fa	50.000	16	8	0	2878	2831	16818	16771	6.1	24.0
11.easyfig.fa	12.easyfig.fa	42.857	21	12	0	4696	4634	9514	9576	6.1	24.0
11.easyfig.fa	12.easyfig.fa	36.667	30	19	0	2887	2798	15039	15128	6.1	24.0
11.easyfig.fa	12.easyfig.fa	41.176	17	10	0	8382	8432	5544	5594	8.4	23.5
11.easyfig.fa	12.easyfig.fa	54.545	22	10	0	5771	5706	6491	6556	8.4	23.5
