1.easyfig.fa	2.easyfig.fa	98.982	884	9	0	2553	5204	2466	5117	0.0	1971
1.easyfig.fa	2.easyfig.fa	100.000	803	0	0	90	2498	3	2411	0.0	1816
1.easyfig.fa	2.easyfig.fa	99.260	811	6	0	2741	5173	2654	5086	0.0	1806
1.easyfig.fa	2.easyfig.fa	100.000	758	0	0	3282	1009	3195	922	0.0	1747
1.easyfig.fa	2.easyfig.fa	100.000	737	0	0	4444	2234	4357	2147	0.0	1720
1.easyfig.fa	2.easyfig.fa	100.000	561	0	0	478	2160	391	2073	0.0	1244
1.easyfig.fa	2.easyfig.fa	100.000	554	0	0	3254	1593	3167	1506	0.0	1237
1.easyfig.fa	2.easyfig.fa	97.849	465	10	0	5205	3811	5118	3724	0.0	1059
1.easyfig.fa	2.easyfig.fa	100.000	472	0	0	185	1600	98	1513	0.0	988
1.easyfig.fa	2.easyfig.fa	100.000	375	0	0	1825	701	1738	614	0.0	857
1.easyfig.fa	2.easyfig.fa	100.000	347	0	0	1130	90	1043	3	0.0	802
1.easyfig.fa	2.easyfig.fa	96.601	353	12	0	5201	4143	5114	4056	0.0	775
1.easyfig.fa	2.easyfig.fa	100.000	295	0	0	972	88	885	1	0.0	685
1.easyfig.fa	2.easyfig.fa	100.000	272	0	0	3763	4578	3676	4491	0.0	615
1.easyfig.fa	2.easyfig.fa	96.392	194	7	0	5203	4622	5116	4535	0.0	434
1.easyfig.fa	2.easyfig.fa	100.000	191	0	0	661	89	574	2	0.0	421
1.easyfig.fa	2.easyfig.fa	100.000	171	0	0	4079	3567	3992	3480	0.0	394
1.easyfig.fa	2.easyfig.fa	100.000	162	0	0	2239	2724	2152	2637	0.0	375
1.easyfig.fa	2.easyfig.fa	100.000	150	0	0	2246	2695	2159	2608	0.0	349
1.easyfig.fa	2.easyfig.fa	100.000	139	0	0	3777	3361	3690	3274	0.0	316
1.easyfig.fa	2.easyfig.fa	100.000	116	0	0	88	435	1	348	0.0	267
1.easyfig.fa	2.easyfig.fa	100.000	110	0	0	2200	1871	2113	1784	0.0	260
1.easyfig.fa	2.easyfig.fa	100.000	101	0	0	1883	2185	1796	2098	0.0	242
1.easyfig.fa	2.easyfig.fa	100.000	90	0	0	1538	1269	1451	1182	0.0	210
1.easyfig.fa	2.easyfig.fa	100.000	88	0	0	3037	3300	2950	3213	0.0	194
1.easyfig.fa	2.easyfig.fa	100.000	78	0	0	3521	3288	3434	3201	0.0	190
1.easyfig.fa	2.easyfig.fa	100.000	78	0	0	2767	3000	2680	2913	0.0	180
1.easyfig.fa	2.easyfig.fa	100.000	68	0	0	4852	5055	4765	4968	0.0	170
1.easyfig.fa	2.easyfig.fa	100.000	63	0	0	4612	4800	4525	4713	0.0	151
1.easyfig.fa	2.easyfig.fa	100.000	54	0	0	1676	1837	1589	1750	0.0	126
1.easyfig.fa	2.easyfig.fa	100.000	54	0	0	3361	3522	3274	3435	0.0	123
1.easyfig.fa	2.easyfig.fa	100.000	47	0	0	3586	3726	3499	3639	0.0	111
1.easyfig.fa	2.easyfig.fa	100.000	31	0	0	4579	4487	4492	4400	0.0	71.2
1.easyfig.fa	2.easyfig.fa	72.727	33	9	0	5104	5202	5017	5115	0.0	54.7
1.easyfig.fa	2.easyfig.fa	100.000	13	0	0	1214	1176	1127	1089	0.0	35.0
1.easyfig.fa	2.easyfig.fa	100.000	13	0	0	89	127	2	40	0.0	33.6
1.easyfig.fa	2.easyfig.fa	69.880	83	25	0	6911	6663	6742	6494	2.32e-48	142
1.easyfig.fa	2.easyfig.fa	76.667	30	7	0	7085	6996	6916	6827	2.32e-48	59.7
1.easyfig.fa	2.easyfig.fa	71.264	87	25	0	6652	6912	6483	6743	7.52e-44	133
1.easyfig.fa	2.easyfig.fa	62.162	37	14	0	6976	7086	6807	6917	7.52e-44	54.2
1.easyfig.fa	2.easyfig.fa	62.385	109	41	0	6759	7085	6590	6916	4.55e-39	151
1.easyfig.fa	2.easyfig.fa	70.000	90	27	0	6665	6934	6496	6765	1.28e-30	118
1.easyfig.fa	2.easyfig.fa	100.000	9	0	0	7049	7075	6880	6906	1.28e-30	24.0
1.easyfig.fa	2.easyfig.fa	61.842	76	29	0	6876	6649	6707	6480	1.02e-28	96.8
1.easyfig.fa	2.easyfig.fa	46.429	56	30	0	7086	6919	6917	6750	1.02e-28	39.6
1.easyfig.fa	2.easyfig.fa	51.316	76	37	0	6877	6650	6708	6481	4.19e-21	82.6
1.easyfig.fa	2.easyfig.fa	100.000	9	0	0	7075	7049	6906	6880	4.19e-21	22.6
1.easyfig.fa	2.easyfig.fa	44.444	18	10	0	7030	6977	6861	6808	4.19e-21	22.6
1.easyfig.fa	2.easyfig.fa	58.824	17	7	0	8004	7954	3704	3654	0.012	30.4
1.easyfig.fa	2.easyfig.fa	34.211	38	25	0	3417	3530	453	340	0.022	29.5
1.easyfig.fa	2.easyfig.fa	34.211	38	25	0	540	427	3330	3443	0.022	29.5
1.easyfig.fa	2.easyfig.fa	35.484	31	20	0	4347	4255	8628	8536	0.11	27.2
1.easyfig.fa	2.easyfig.fa	50.000	18	9	0	4710	4763	2722	2775	1.4	23.5
1.easyfig.fa	2.easyfig.fa	50.000	18	9	0	2809	2862	4623	4676	1.4	23.5
1.easyfig.fa	2.easyfig.fa	34.286	35	23	0	7458	7354	5920	6024	1.4	23.5
1.easyfig.fa	2.easyfig.fa	44.000	25	14	0	6321	6395	7083	7009	1.9	23.1
1.easyfig.fa	2.easyfig.fa	47.619	21	11	0	6628	6690	1419	1481	2.6	22.6
1.easyfig.fa	2.easyfig.fa	31.250	32	22	0	1506	1601	1687	1592	2.6	22.6
1.easyfig.fa	2.easyfig.fa	31.250	32	22	0	1774	1679	1419	1514	2.6	22.6
1.easyfig.fa	2.easyfig.fa	35.714	28	18	0	4905	4988	5679	5762	3.6	22.1
1.easyfig.fa	2.easyfig.fa	47.059	17	9	0	4792	4742	1574	1624	3.6	22.1
1.easyfig.fa	2.easyfig.fa	41.176	17	10	0	5679	5729	2411	2461	4.9	21.7
1.easyfig.fa	2.easyfig.fa	50.000	18	9	0	6505	6558	4439	4386	4.9	21.7
1.easyfig.fa	2.easyfig.fa	50.000	12	6	0	5021	5056	7400	7365	6.8	21.2
1.easyfig.fa	2.easyfig.fa	57.143	14	6	0	3281	3322	5858	5899	6.8	21.2
1.easyfig.fa	2.easyfig.fa	58.333	12	5	0	7083	7118	6483	6518	6.8	21.2
1.easyfig.fa	2.easyfig.fa	44.444	18	10	0	3626	3679	6016	5963	9.3	20.8
1.easyfig.fa	2.easyfig.fa	70.000	10	3	0	6911	6940	5957	5928	9.3	20.8
