12.easyfig.fa	13.easyfig.fa	76.351	296	70	0	8253	7366	1149	262	0.0	576
12.easyfig.fa	13.easyfig.fa	68.038	316	101	0	8053	7106	949	2	0.0	434
12.easyfig.fa	13.easyfig.fa	71.369	241	69	0	9597	8875	2505	1783	0.0	398
12.easyfig.fa	13.easyfig.fa	96.296	162	6	0	8738	8253	1637	1152	0.0	352
12.easyfig.fa	13.easyfig.fa	66.525	236	79	0	7162	7869	58	765	0.0	332
12.easyfig.fa	13.easyfig.fa	79.870	154	31	0	7568	7107	464	3	0.0	247
12.easyfig.fa	13.easyfig.fa	72.603	146	40	0	7121	7558	17	454	0.0	237
12.easyfig.fa	13.easyfig.fa	86.000	100	14	0	9598	9299	2506	2207	0.0	204
12.easyfig.fa	13.easyfig.fa	67.521	117	38	0	7919	8269	815	1165	0.0	180
12.easyfig.fa	13.easyfig.fa	93.506	77	5	0	8494	8724	1393	1623	0.0	169
12.easyfig.fa	13.easyfig.fa	75.490	102	25	0	8876	9181	1784	2089	0.0	161
12.easyfig.fa	13.easyfig.fa	66.935	124	41	0	9227	9598	2135	2506	0.0	149
12.easyfig.fa	13.easyfig.fa	65.421	107	37	0	7921	8241	817	1137	0.0	147
12.easyfig.fa	13.easyfig.fa	75.000	84	21	0	8487	8738	1386	1637	0.0	140
12.easyfig.fa	13.easyfig.fa	67.816	87	28	0	7613	7873	509	769	0.0	127
12.easyfig.fa	13.easyfig.fa	62.385	109	41	0	8252	7926	1148	822	0.0	124
12.easyfig.fa	13.easyfig.fa	61.667	120	46	0	9244	8885	2152	1793	0.0	124
12.easyfig.fa	13.easyfig.fa	74.627	67	17	0	8244	8444	1143	1343	0.0	118
12.easyfig.fa	13.easyfig.fa	81.443	97	18	0	8535	8245	1434	1144	0.0	118
12.easyfig.fa	13.easyfig.fa	57.273	110	47	0	9665	9336	2573	2244	0.0	116
12.easyfig.fa	13.easyfig.fa	76.000	75	18	0	8722	8498	1621	1397	0.0	109
12.easyfig.fa	13.easyfig.fa	77.941	68	15	0	8455	8252	1354	1151	0.0	108
12.easyfig.fa	13.easyfig.fa	95.556	45	2	0	8873	8739	1778	1644	0.0	107
12.easyfig.fa	13.easyfig.fa	73.529	68	18	0	7308	7105	204	1	0.0	100
12.easyfig.fa	13.easyfig.fa	92.063	63	5	0	8254	8442	1153	1341	0.0	95.5
12.easyfig.fa	13.easyfig.fa	59.211	76	31	0	8925	9152	1833	2060	0.0	95.5
12.easyfig.fa	13.easyfig.fa	76.596	47	11	0	9466	9606	2374	2514	0.0	89.5
12.easyfig.fa	13.easyfig.fa	81.818	44	8	0	8743	8874	1648	1779	0.0	77.1
12.easyfig.fa	13.easyfig.fa	60.870	46	18	0	8739	8876	1644	1781	0.0	69.8
12.easyfig.fa	13.easyfig.fa	56.944	72	31	0	9205	9420	2113	2328	0.0	66.6
12.easyfig.fa	13.easyfig.fa	58.209	67	28	0	9299	9099	2207	2007	0.0	65.2
12.easyfig.fa	13.easyfig.fa	66.667	48	16	0	8721	8578	1620	1477	0.0	65.2
12.easyfig.fa	13.easyfig.fa	62.712	59	22	0	9050	8874	1958	1782	0.0	64.8
12.easyfig.fa	13.easyfig.fa	62.222	45	17	0	8872	8738	1777	1643	0.0	56.1
12.easyfig.fa	13.easyfig.fa	50.980	51	25	0	8251	8099	1147	995	0.0	54.2
12.easyfig.fa	13.easyfig.fa	30.556	36	25	0	11180	11073	3986	3879	0.0	30.4
12.easyfig.fa	13.easyfig.fa	62.069	29	11	0	8829	8743	1734	1648	0.0	29.5
12.easyfig.fa	13.easyfig.fa	57.143	14	6	0	14751	14710	5777	5736	0.0	25.8
12.easyfig.fa	13.easyfig.fa	28.125	32	23	0	13743	13648	5220	5125	0.0	25.8
12.easyfig.fa	13.easyfig.fa	70.000	20	6	0	7763	7704	659	600	0.0	24.4
12.easyfig.fa	13.easyfig.fa	33.333	18	12	0	15122	15069	8295	8242	0.0	22.6
12.easyfig.fa	13.easyfig.fa	77.333	150	34	0	7206	7655	102	551	4.97e-158	232
12.easyfig.fa	13.easyfig.fa	76.423	123	29	0	8249	8617	1148	1516	4.97e-158	181
12.easyfig.fa	13.easyfig.fa	64.179	67	24	0	8881	9081	1789	1989	4.97e-158	89.5
12.easyfig.fa	13.easyfig.fa	55.294	85	38	0	7785	8039	681	935	4.97e-158	85.8
12.easyfig.fa	13.easyfig.fa	81.395	43	8	0	9342	9470	2250	2378	4.97e-158	74.8
12.easyfig.fa	13.easyfig.fa	55.172	29	13	0	8166	8252	1062	1148	4.97e-158	34.5
12.easyfig.fa	13.easyfig.fa	83.333	12	2	0	7689	7724	585	620	4.97e-158	26.7
12.easyfig.fa	13.easyfig.fa	83.333	12	2	0	8100	8135	996	1031	4.97e-158	26.7
12.easyfig.fa	13.easyfig.fa	55.172	29	13	0	8741	8827	1646	1732	4.97e-158	24.4
12.easyfig.fa	13.easyfig.fa	50.000	22	11	0	11079	11144	3885	3950	4.97e-158	23.1
12.easyfig.fa	13.easyfig.fa	64.286	14	5	0	9732	9773	2760	2801	4.97e-158	21.7
12.easyfig.fa	13.easyfig.fa	39.286	28	17	0	17012	17095	5195	5278	4.97e-158	21.7
12.easyfig.fa	13.easyfig.fa	43.750	16	9	0	21142	21189	5511	5558	4.97e-158	21.7
12.easyfig.fa	13.easyfig.fa	39.474	38	23	0	22933	22820	4253	4140	0.033	30.4
12.easyfig.fa	13.easyfig.fa	30.303	33	23	0	13179	13081	6457	6359	0.40	26.7
12.easyfig.fa	13.easyfig.fa	25.806	31	23	0	7222	7130	2290	2198	0.40	25.8
12.easyfig.fa	13.easyfig.fa	28.571	35	25	0	7668	7564	5244	5140	0.40	24.9
12.easyfig.fa	13.easyfig.fa	40.625	32	19	0	22689	22594	507	412	0.42	26.7
12.easyfig.fa	13.easyfig.fa	42.857	21	12	0	4343	4281	4004	4066	1.1	25.4
12.easyfig.fa	13.easyfig.fa	50.000	20	10	0	2425	2484	2454	2513	2.1	24.4
12.easyfig.fa	13.easyfig.fa	42.857	21	12	0	9697	9635	3084	3022	2.8	24.0
12.easyfig.fa	13.easyfig.fa	66.667	12	4	0	5459	5494	5673	5708	2.8	24.0
12.easyfig.fa	13.easyfig.fa	28.125	32	23	0	1843	1938	6055	6150	2.8	24.0
12.easyfig.fa	13.easyfig.fa	44.828	29	16	0	8902	8988	7767	7681	3.9	23.5
12.easyfig.fa	13.easyfig.fa	40.000	20	12	0	22892	22951	106	165	5.4	23.1
12.easyfig.fa	13.easyfig.fa	40.625	32	19	0	7235	7330	4897	4992	5.4	23.1
12.easyfig.fa	13.easyfig.fa	43.478	23	13	0	13790	13722	818	750	5.4	23.1
12.easyfig.fa	13.easyfig.fa	31.818	22	15	0	21521	21586	20	85	7.4	22.6
12.easyfig.fa	13.easyfig.fa	35.294	34	22	0	13289	13390	81	182	7.4	22.6
12.easyfig.fa	13.easyfig.fa	100.000	7	0	0	13139	13159	856	876	7.4	22.6
12.easyfig.fa	13.easyfig.fa	47.059	17	9	0	15775	15825	1526	1576	7.4	22.6
12.easyfig.fa	13.easyfig.fa	38.889	18	11	0	9667	9614	7503	7556	7.4	22.6
12.easyfig.fa	13.easyfig.fa	47.368	19	10	0	7561	7617	5181	5125	7.4	22.6
