13.easyfig.fa	14.easyfig.fa	91.045	335	30	0	1428	424	9856	10860	0.0	664
13.easyfig.fa	14.easyfig.fa	86.799	303	40	0	2497	1589	8787	9695	0.0	584
13.easyfig.fa	14.easyfig.fa	97.368	266	7	0	1763	966	9521	10318	0.0	576
13.easyfig.fa	14.easyfig.fa	85.774	239	34	0	1315	599	9969	10685	0.0	408
13.easyfig.fa	14.easyfig.fa	87.712	236	29	0	815	1522	10469	9762	0.0	406
13.easyfig.fa	14.easyfig.fa	95.833	168	7	0	2220	1717	9064	9567	0.0	386
13.easyfig.fa	14.easyfig.fa	80.193	207	41	0	623	3	10661	11281	0.0	336
13.easyfig.fa	14.easyfig.fa	88.820	161	18	0	484	2	10800	11282	0.0	328
13.easyfig.fa	14.easyfig.fa	82.051	156	28	0	619	1086	10665	10198	0.0	303
13.easyfig.fa	14.easyfig.fa	87.037	162	21	0	3	488	11281	10796	0.0	285
13.easyfig.fa	14.easyfig.fa	92.969	128	9	0	1393	1776	9891	9508	0.0	262
13.easyfig.fa	14.easyfig.fa	92.174	115	9	0	993	1337	10291	9947	0.0	248
13.easyfig.fa	14.easyfig.fa	90.090	111	11	0	241	573	11043	10711	0.0	243
13.easyfig.fa	14.easyfig.fa	91.589	107	9	0	1769	2089	9515	9195	0.0	224
13.easyfig.fa	14.easyfig.fa	84.444	135	21	0	2528	2124	8756	9160	0.0	216
13.easyfig.fa	14.easyfig.fa	93.137	102	7	0	2017	2322	9267	8962	0.0	212
13.easyfig.fa	14.easyfig.fa	76.531	98	23	0	660	953	10624	10331	0.0	160
13.easyfig.fa	14.easyfig.fa	82.558	86	15	0	272	529	11012	10755	0.0	160
13.easyfig.fa	14.easyfig.fa	69.672	122	37	0	1392	1757	9892	9527	0.0	159
13.easyfig.fa	14.easyfig.fa	94.253	87	5	0	2118	2378	9166	8906	0.0	155
13.easyfig.fa	14.easyfig.fa	80.952	84	16	0	1809	2060	9475	9224	0.0	152
13.easyfig.fa	14.easyfig.fa	84.444	90	14	0	2072	1803	9212	9481	0.0	150
13.easyfig.fa	14.easyfig.fa	87.640	89	11	0	2135	2401	9149	8883	0.0	149
13.easyfig.fa	14.easyfig.fa	75.904	83	20	0	923	675	10361	10609	0.0	127
13.easyfig.fa	14.easyfig.fa	85.714	49	7	0	2380	2526	8904	8758	0.0	111
13.easyfig.fa	14.easyfig.fa	91.304	46	4	0	623	760	10661	10524	0.0	106
13.easyfig.fa	14.easyfig.fa	80.000	55	11	0	1816	1980	9468	9304	0.0	103
13.easyfig.fa	14.easyfig.fa	60.938	64	25	0	1668	1477	9616	9807	0.0	68.9
13.easyfig.fa	14.easyfig.fa	85.000	40	6	0	378	259	10906	11025	0.0	68.0
13.easyfig.fa	14.easyfig.fa	96.552	29	1	0	1255	1341	10029	9943	0.0	67.0
13.easyfig.fa	14.easyfig.fa	59.184	49	20	0	1574	1720	9710	9564	0.0	60.2
13.easyfig.fa	14.easyfig.fa	100.000	21	0	0	2447	2509	8837	8775	0.0	58.3
13.easyfig.fa	14.easyfig.fa	68.750	32	10	0	528	623	10756	10661	0.0	55.6
13.easyfig.fa	14.easyfig.fa	100.000	27	0	0	1138	1218	10146	10066	0.0	55.6
13.easyfig.fa	14.easyfig.fa	64.706	34	12	0	116	217	11168	11067	0.0	51.5
13.easyfig.fa	14.easyfig.fa	68.421	38	12	0	64	177	11220	11107	0.0	46.9
13.easyfig.fa	14.easyfig.fa	78.261	23	5	0	132	64	11152	11220	0.0	38.6
13.easyfig.fa	14.easyfig.fa	85.714	14	2	0	568	527	10716	10757	0.0	28.6
13.easyfig.fa	14.easyfig.fa	78.947	19	4	0	1441	1385	9843	9899	0.0	27.2
13.easyfig.fa	14.easyfig.fa	100.000	10	0	0	2	31	11282	11253	0.0	24.9
13.easyfig.fa	14.easyfig.fa	50.000	20	10	0	2628	2569	2039	2098	0.0	23.1
13.easyfig.fa	14.easyfig.fa	47.059	17	9	0	3803	3753	1098	1148	0.0	20.8
13.easyfig.fa	14.easyfig.fa	95.455	44	2	0	2508	2377	8776	8907	1.50e-13	67.0
13.easyfig.fa	14.easyfig.fa	46.429	28	15	0	7860	7777	12518	12435	0.080	28.1
13.easyfig.fa	14.easyfig.fa	73.333	15	4	0	2475	2519	8809	8765	0.15	27.2
13.easyfig.fa	14.easyfig.fa	29.032	31	22	0	2290	2198	11166	11258	0.28	26.3
13.easyfig.fa	14.easyfig.fa	29.032	31	22	0	118	26	8994	9086	0.39	25.8
13.easyfig.fa	14.easyfig.fa	45.000	20	11	0	8261	8320	334	275	2.6	23.1
13.easyfig.fa	14.easyfig.fa	42.105	19	11	0	8098	8042	12131	12075	3.6	22.6
13.easyfig.fa	14.easyfig.fa	70.000	10	3	0	669	640	2145	2174	3.6	22.6
13.easyfig.fa	14.easyfig.fa	56.250	16	7	0	2004	2051	6560	6513	3.6	22.6
13.easyfig.fa	14.easyfig.fa	42.857	14	8	0	897	856	7050	7091	3.6	22.6
13.easyfig.fa	14.easyfig.fa	28.571	28	20	0	172	89	8062	8145	3.6	22.6
13.easyfig.fa	14.easyfig.fa	36.364	22	14	0	805	870	8610	8675	3.6	22.6
13.easyfig.fa	14.easyfig.fa	37.500	32	20	0	7297	7202	9245	9340	3.6	22.6
13.easyfig.fa	14.easyfig.fa	43.750	16	9	0	6085	6038	9884	9931	3.6	22.6
13.easyfig.fa	14.easyfig.fa	53.846	13	6	0	647	685	7629	7591	5.0	22.1
13.easyfig.fa	14.easyfig.fa	50.000	12	6	0	6584	6619	12428	12463	5.0	22.1
13.easyfig.fa	14.easyfig.fa	61.538	13	5	0	5037	5075	10845	10807	6.8	21.7
13.easyfig.fa	14.easyfig.fa	43.750	16	9	0	448	495	4873	4826	6.8	21.7
13.easyfig.fa	14.easyfig.fa	40.909	22	13	0	5817	5882	3941	3876	6.8	21.7
13.easyfig.fa	14.easyfig.fa	29.630	27	19	0	4304	4224	3782	3702	6.8	21.7
13.easyfig.fa	14.easyfig.fa	41.667	24	14	0	4478	4407	10901	10972	6.8	21.7
13.easyfig.fa	14.easyfig.fa	58.333	12	5	0	5538	5573	11534	11499	9.4	21.2
13.easyfig.fa	14.easyfig.fa	42.105	19	11	0	358	414	11075	11019	9.4	21.2
13.easyfig.fa	14.easyfig.fa	50.000	12	6	0	7510	7545	10584	10549	9.4	21.2
13.easyfig.fa	14.easyfig.fa	57.143	14	6	0	6423	6464	9437	9396	9.4	21.2
13.easyfig.fa	14.easyfig.fa	43.478	23	13	0	7848	7780	8913	8845	9.4	21.2
13.easyfig.fa	14.easyfig.fa	31.034	29	20	0	2404	2490	8785	8699	9.4	21.2
13.easyfig.fa	14.easyfig.fa	38.462	26	16	0	3553	3476	7315	7238	9.4	21.2
13.easyfig.fa	14.easyfig.fa	60.000	10	4	0	4018	4047	6329	6300	9.4	21.2
