14.easyfig.fa	15.easyfig.fa	77.247	523	119	0	10140	11708	11290	12858	0.0	793
14.easyfig.fa	15.easyfig.fa	92.440	291	22	0	11401	12273	12551	13423	0.0	626
14.easyfig.fa	15.easyfig.fa	96.198	263	10	0	11766	12554	12916	13704	0.0	604
14.easyfig.fa	15.easyfig.fa	80.339	295	58	0	10141	11025	11291	12175	0.0	573
14.easyfig.fa	15.easyfig.fa	92.830	265	19	0	11762	12556	12912	13706	0.0	569
14.easyfig.fa	15.easyfig.fa	95.690	232	10	0	12460	11765	13610	12915	0.0	514
14.easyfig.fa	15.easyfig.fa	91.770	243	20	0	12555	11827	13705	12977	0.0	510
14.easyfig.fa	15.easyfig.fa	79.537	259	53	0	8790	9566	9943	10719	0.0	447
14.easyfig.fa	15.easyfig.fa	98.551	207	3	0	9521	10141	10674	11294	0.0	424
14.easyfig.fa	15.easyfig.fa	89.714	175	18	0	12275	11751	13425	12901	0.0	382
14.easyfig.fa	15.easyfig.fa	83.333	198	33	0	8974	9567	10127	10720	0.0	382
14.easyfig.fa	15.easyfig.fa	76.531	196	46	0	4247	4834	785	1372	0.0	373
14.easyfig.fa	15.easyfig.fa	70.647	201	59	0	5093	5695	1625	2227	0.0	342
14.easyfig.fa	15.easyfig.fa	61.991	221	84	0	10851	10189	12001	11339	0.0	325
14.easyfig.fa	15.easyfig.fa	95.376	173	8	0	11201	11719	12351	12869	0.0	303
14.easyfig.fa	15.easyfig.fa	95.556	135	6	0	11706	11302	12856	12452	0.0	281
14.easyfig.fa	15.easyfig.fa	70.175	228	68	0	9474	8791	10627	9944	0.0	278
14.easyfig.fa	15.easyfig.fa	93.846	130	8	0	9897	9508	11050	10661	0.0	274
14.easyfig.fa	15.easyfig.fa	76.471	170	40	0	11267	10758	12417	11908	0.0	272
14.easyfig.fa	15.easyfig.fa	94.737	114	6	0	3699	4040	234	575	0.0	266
14.easyfig.fa	15.easyfig.fa	73.626	182	48	0	11209	10664	12359	11814	0.0	254
14.easyfig.fa	15.easyfig.fa	86.842	114	15	0	4040	3699	575	234	0.0	238
14.easyfig.fa	15.easyfig.fa	70.303	165	49	0	10661	11155	11811	12305	0.0	231
14.easyfig.fa	15.easyfig.fa	62.745	153	57	0	6486	6944	3003	3461	0.0	228
14.easyfig.fa	15.easyfig.fa	85.965	114	16	0	3700	4041	235	576	0.0	214
14.easyfig.fa	15.easyfig.fa	86.364	110	15	0	9524	9195	10677	10348	0.0	214
14.easyfig.fa	15.easyfig.fa	80.769	130	25	0	9613	9224	10766	10377	0.0	202
14.easyfig.fa	15.easyfig.fa	100.000	80	0	0	12554	12315	13704	13465	0.0	187
14.easyfig.fa	15.easyfig.fa	55.000	160	72	0	5656	5177	2188	1709	0.0	181
14.easyfig.fa	15.easyfig.fa	93.750	80	5	0	3937	3698	472	233	0.0	178
14.easyfig.fa	15.easyfig.fa	65.385	130	45	0	5451	5062	1983	1594	0.0	171
14.easyfig.fa	15.easyfig.fa	84.444	90	14	0	10115	9846	11268	10999	0.0	170
14.easyfig.fa	15.easyfig.fa	68.852	122	38	0	4830	4465	1368	1003	0.0	165
14.easyfig.fa	15.easyfig.fa	57.843	102	43	0	6997	7302	3515	3820	0.0	160
14.easyfig.fa	15.easyfig.fa	56.863	102	44	0	5916	6221	2427	2732	0.0	154
14.easyfig.fa	15.easyfig.fa	91.176	68	6	0	4037	4240	571	774	0.0	149
14.easyfig.fa	15.easyfig.fa	56.911	123	53	0	4624	4256	1162	794	0.0	144
14.easyfig.fa	15.easyfig.fa	79.518	83	17	0	9221	9469	10374	10622	0.0	141
14.easyfig.fa	15.easyfig.fa	91.549	71	6	0	11140	11352	12290	12502	0.0	139
14.easyfig.fa	15.easyfig.fa	89.231	65	7	0	10141	9947	11294	11100	0.0	135
14.easyfig.fa	15.easyfig.fa	84.848	66	10	0	10472	10275	11622	11425	0.0	135
14.easyfig.fa	15.easyfig.fa	84.694	98	15	0	9847	10140	11000	11293	0.0	133
14.easyfig.fa	15.easyfig.fa	97.260	73	2	0	11618	11400	12768	12550	0.0	133
14.easyfig.fa	15.easyfig.fa	88.571	70	8	0	9930	10139	11083	11292	0.0	130
14.easyfig.fa	15.easyfig.fa	67.742	93	30	0	10624	10346	11774	11496	0.0	127
14.easyfig.fa	15.easyfig.fa	63.964	111	40	0	8777	9109	9930	10262	0.0	125
14.easyfig.fa	15.easyfig.fa	72.727	77	21	0	9892	9662	11045	10815	0.0	125
14.easyfig.fa	15.easyfig.fa	62.821	78	29	0	6243	6476	2763	2996	0.0	124
14.easyfig.fa	15.easyfig.fa	94.203	69	4	0	11500	11294	12650	12444	0.0	122
14.easyfig.fa	15.easyfig.fa	86.154	65	9	0	4236	4042	770	576	0.0	121
14.easyfig.fa	15.easyfig.fa	47.321	112	59	0	7398	7733	3944	4279	0.0	120
14.easyfig.fa	15.easyfig.fa	60.748	107	42	0	4500	4820	1038	1358	0.0	120
14.easyfig.fa	15.easyfig.fa	95.455	66	3	0	10140	9943	11293	11096	0.0	114
14.easyfig.fa	15.easyfig.fa	68.919	74	23	0	4258	4037	792	571	0.0	114
14.easyfig.fa	15.easyfig.fa	76.562	64	15	0	4425	4234	963	772	0.0	112
14.easyfig.fa	15.easyfig.fa	78.947	95	20	0	9166	8882	10319	10035	0.0	111
14.easyfig.fa	15.easyfig.fa	64.062	64	23	0	4898	5089	1436	1627	0.0	106
14.easyfig.fa	15.easyfig.fa	49.593	123	62	0	5275	5643	1807	2175	0.0	105
14.easyfig.fa	15.easyfig.fa	46.617	133	71	0	6896	6498	3413	3015	0.0	104
14.easyfig.fa	15.easyfig.fa	60.526	76	30	0	9110	8883	10263	10036	0.0	104
14.easyfig.fa	15.easyfig.fa	62.222	90	34	0	6847	6578	3364	3095	0.0	103
14.easyfig.fa	15.easyfig.fa	73.438	64	17	0	4042	4233	576	767	0.0	99.6
14.easyfig.fa	15.easyfig.fa	66.071	56	19	0	5715	5882	2235	2402	0.0	99.6
14.easyfig.fa	15.easyfig.fa	65.934	91	31	0	9615	9887	10768	11040	0.0	98.2
14.easyfig.fa	15.easyfig.fa	54.639	97	44	0	6205	5915	2716	2426	0.0	93.6
14.easyfig.fa	15.easyfig.fa	75.000	52	13	0	4258	4413	796	951	0.0	84.9
14.easyfig.fa	15.easyfig.fa	100.000	39	0	0	12439	12555	13589	13705	0.0	84.5
14.easyfig.fa	15.easyfig.fa	72.222	54	15	0	11055	10894	12205	12044	0.0	80.8
14.easyfig.fa	15.easyfig.fa	51.724	58	28	0	7716	7889	4265	4438	0.0	74.8
14.easyfig.fa	15.easyfig.fa	83.333	36	6	0	10367	10474	11517	11624	0.0	74.4
14.easyfig.fa	15.easyfig.fa	62.500	72	27	0	9779	9564	10932	10717	0.0	72.1
14.easyfig.fa	15.easyfig.fa	78.571	42	9	0	10649	10524	11799	11674	0.0	70.3
14.easyfig.fa	15.easyfig.fa	100.000	27	0	0	12310	12390	13460	13540	0.0	65.2
14.easyfig.fa	15.easyfig.fa	100.000	27	0	0	11707	11627	12857	12777	0.0	64.8
14.easyfig.fa	15.easyfig.fa	53.125	64	30	0	5088	4897	1626	1435	0.0	64.8
14.easyfig.fa	15.easyfig.fa	44.330	97	54	0	7732	7442	4278	3988	0.0	63.8
14.easyfig.fa	15.easyfig.fa	58.182	55	23	0	6400	6236	2920	2756	0.0	63.4
14.easyfig.fa	15.easyfig.fa	83.871	31	5	0	10241	10149	11391	11299	0.0	62.9
14.easyfig.fa	15.easyfig.fa	89.286	28	3	0	11229	11146	12379	12296	0.0	59.3
14.easyfig.fa	15.easyfig.fa	45.833	96	52	0	6497	6784	3014	3301	0.0	57.9
14.easyfig.fa	15.easyfig.fa	65.000	40	14	0	7142	7023	3660	3541	0.0	57.4
14.easyfig.fa	15.easyfig.fa	62.162	37	14	0	7306	7416	3851	3961	0.0	55.6
14.easyfig.fa	15.easyfig.fa	61.364	44	17	0	5845	5714	2365	2234	0.0	55.1
14.easyfig.fa	15.easyfig.fa	53.704	54	25	0	6110	5949	2621	2460	0.0	54.2
14.easyfig.fa	15.easyfig.fa	66.667	39	13	0	4831	4715	1369	1253	0.0	54.2
14.easyfig.fa	15.easyfig.fa	60.465	43	17	0	5107	5235	1639	1767	0.0	52.4
14.easyfig.fa	15.easyfig.fa	48.837	43	22	0	7896	8024	4442	4570	0.0	52.4
14.easyfig.fa	15.easyfig.fa	50.847	59	29	0	10142	10318	11292	11468	0.0	50.6
14.easyfig.fa	15.easyfig.fa	42.623	61	35	0	4906	5088	1444	1626	0.0	47.8
14.easyfig.fa	15.easyfig.fa	94.444	18	1	0	4042	3989	577	524	0.0	47.8
14.easyfig.fa	15.easyfig.fa	53.061	49	23	0	5917	6063	2428	2574	0.0	46.4
14.easyfig.fa	15.easyfig.fa	76.000	25	6	0	5571	5497	2103	2029	0.0	46.0
14.easyfig.fa	15.easyfig.fa	43.396	53	30	0	6443	6285	2963	2805	0.0	44.6
14.easyfig.fa	15.easyfig.fa	52.273	44	21	0	10267	10136	11417	11286	0.0	43.7
14.easyfig.fa	15.easyfig.fa	100.000	17	0	0	11348	11298	12498	12448	0.0	42.3
14.easyfig.fa	15.easyfig.fa	43.103	58	33	0	7888	7715	4437	4264	0.0	41.4
14.easyfig.fa	15.easyfig.fa	42.623	61	35	0	7293	7111	3811	3629	0.0	40.5
14.easyfig.fa	15.easyfig.fa	37.500	56	35	0	5882	5715	2402	2235	0.0	40.5
14.easyfig.fa	15.easyfig.fa	53.571	28	13	0	7020	7103	3538	3621	0.0	39.1
14.easyfig.fa	15.easyfig.fa	64.706	34	12	0	9616	9717	10769	10870	0.0	37.7
14.easyfig.fa	15.easyfig.fa	62.500	32	12	0	7415	7320	3960	3865	0.0	36.8
14.easyfig.fa	15.easyfig.fa	100.000	16	0	0	12556	12509	13706	13659	0.0	36.3
14.easyfig.fa	15.easyfig.fa	61.905	21	8	0	7387	7325	3932	3870	0.0	34.5
14.easyfig.fa	15.easyfig.fa	44.186	43	24	0	6239	6367	2759	2887	0.0	32.7
14.easyfig.fa	15.easyfig.fa	41.176	34	20	0	7301	7200	3819	3718	0.0	31.8
14.easyfig.fa	15.easyfig.fa	100.000	12	0	0	11793	11758	12943	12908	0.0	31.3
14.easyfig.fa	15.easyfig.fa	68.182	22	7	0	8863	8928	10016	10081	0.0	31.3
14.easyfig.fa	15.easyfig.fa	46.667	30	16	0	7319	7408	3864	3953	0.0	30.9
14.easyfig.fa	15.easyfig.fa	45.714	35	19	0	8005	7901	4551	4447	0.0	30.9
14.easyfig.fa	15.easyfig.fa	38.182	55	34	0	5054	4890	1592	1428	0.0	30.4
14.easyfig.fa	15.easyfig.fa	44.000	25	14	0	7683	7609	4229	4155	0.0	24.0
14.easyfig.fa	15.easyfig.fa	66.667	9	3	0	7048	7022	3566	3540	0.0	23.5
14.easyfig.fa	15.easyfig.fa	100.000	9	0	0	11708	11682	12858	12832	0.0	23.1
14.easyfig.fa	15.easyfig.fa	52.941	17	8	0	6549	6499	3066	3016	0.0	23.1
14.easyfig.fa	15.easyfig.fa	43.750	16	9	0	8704	8751	6306	6353	0.0	22.6
14.easyfig.fa	15.easyfig.fa	61.111	18	7	0	7622	7675	4168	4221	0.0	22.1
14.easyfig.fa	15.easyfig.fa	57.895	19	8	0	8770	8826	9923	9979	0.0	22.1
14.easyfig.fa	15.easyfig.fa	62.500	16	6	0	7163	7210	3681	3728	0.0	21.2
14.easyfig.fa	15.easyfig.fa	86.842	114	15	0	4041	3700	576	235	1.91e-130	192
14.easyfig.fa	15.easyfig.fa	52.632	114	54	0	5489	5148	2021	1680	1.91e-130	111
14.easyfig.fa	15.easyfig.fa	76.786	56	13	0	4208	4041	742	575	1.91e-130	92.7
14.easyfig.fa	15.easyfig.fa	60.317	63	25	0	4736	4548	1274	1086	1.91e-130	78.5
14.easyfig.fa	15.easyfig.fa	74.419	43	11	0	4397	4269	935	807	1.91e-130	55.1
14.easyfig.fa	15.easyfig.fa	48.000	50	26	0	6099	5950	2610	2461	1.91e-130	38.6
14.easyfig.fa	15.easyfig.fa	60.714	28	11	0	5627	5544	2159	2076	1.91e-130	33.6
14.easyfig.fa	15.easyfig.fa	58.333	24	10	0	4850	4779	1388	1317	1.91e-130	30.9
14.easyfig.fa	15.easyfig.fa	51.724	29	14	0	7410	7324	3955	3869	1.91e-130	30.4
14.easyfig.fa	15.easyfig.fa	50.000	22	11	0	4984	4919	1522	1457	1.91e-130	29.5
14.easyfig.fa	15.easyfig.fa	57.576	33	14	0	6672	6574	3189	3091	1.91e-130	28.1
14.easyfig.fa	15.easyfig.fa	62.500	16	6	0	11818	11771	14229	14182	1.91e-130	24.4
14.easyfig.fa	15.easyfig.fa	63.636	11	4	0	9135	9103	9975	9943	1.91e-130	22.1
14.easyfig.fa	15.easyfig.fa	58.824	17	7	0	7703	7653	4249	4199	1.91e-130	22.1
14.easyfig.fa	15.easyfig.fa	53.846	13	6	0	11400	11362	12074	12036	1.91e-130	21.2
14.easyfig.fa	15.easyfig.fa	83.333	120	20	0	3701	4060	236	595	1.16e-124	192
14.easyfig.fa	15.easyfig.fa	63.918	97	35	0	4549	4839	1087	1377	1.16e-124	112
14.easyfig.fa	15.easyfig.fa	76.786	56	13	0	4041	4208	575	742	1.16e-124	82.6
14.easyfig.fa	15.easyfig.fa	84.848	33	5	0	4266	4364	804	902	1.16e-124	68.4
14.easyfig.fa	15.easyfig.fa	51.190	84	41	0	5232	5483	1764	2015	1.16e-124	54.2
14.easyfig.fa	15.easyfig.fa	63.889	36	13	0	5535	5642	2067	2174	1.16e-124	42.8
14.easyfig.fa	15.easyfig.fa	34.667	75	49	0	4881	5105	1419	1643	1.16e-124	36.3
14.easyfig.fa	15.easyfig.fa	65.517	29	10	0	7022	7108	3540	3626	1.16e-124	35.9
14.easyfig.fa	15.easyfig.fa	60.870	23	9	0	7320	7388	3865	3933	1.16e-124	28.6
14.easyfig.fa	15.easyfig.fa	29.032	31	22	0	8994	9086	12316	12408	1.16e-124	26.3
14.easyfig.fa	15.easyfig.fa	35.000	60	39	0	5981	6160	2492	2671	1.16e-124	22.6
14.easyfig.fa	15.easyfig.fa	47.368	19	10	0	6487	6543	3004	3060	1.16e-124	21.2
14.easyfig.fa	15.easyfig.fa	88.571	35	4	0	4031	4135	105	1	7.41e-27	75.8
14.easyfig.fa	15.easyfig.fa	68.966	29	9	0	3951	4037	170	84	7.41e-27	55.6
14.easyfig.fa	15.easyfig.fa	85.294	34	5	0	4135	4034	1	102	6.84e-21	76.2
14.easyfig.fa	15.easyfig.fa	66.667	24	8	0	4022	3951	99	170	6.84e-21	35.0
14.easyfig.fa	15.easyfig.fa	93.548	31	2	0	4041	4133	95	3	7.67e-17	60.6
14.easyfig.fa	15.easyfig.fa	53.333	30	14	0	3949	4038	172	83	7.67e-17	36.8
14.easyfig.fa	15.easyfig.fa	64.000	50	18	0	3985	4134	151	2	7.78e-15	72.1
14.easyfig.fa	15.easyfig.fa	96.774	31	1	0	4134	4042	2	94	2.02e-14	70.7
14.easyfig.fa	15.easyfig.fa	87.879	33	4	0	4133	4035	3	101	3.25e-12	63.4
14.easyfig.fa	15.easyfig.fa	80.769	26	5	0	6255	6332	248	171	2.02e-10	57.4
14.easyfig.fa	15.easyfig.fa	57.143	28	12	0	6331	6248	172	255	6.14e-04	35.9
14.easyfig.fa	15.easyfig.fa	35.714	42	27	0	6546	6671	1688	1813	0.072	29.0
14.easyfig.fa	15.easyfig.fa	56.250	16	7	0	6332	6285	171	218	0.099	28.6
14.easyfig.fa	15.easyfig.fa	70.833	24	7	0	3950	4021	171	100	0.14	28.1
14.easyfig.fa	15.easyfig.fa	44.444	27	15	0	6260	6340	243	163	0.26	27.2
14.easyfig.fa	15.easyfig.fa	47.059	17	9	0	6857	6807	355	305	0.66	25.8
14.easyfig.fa	15.easyfig.fa	69.231	13	4	0	5539	5501	3005	3043	0.66	25.8
14.easyfig.fa	15.easyfig.fa	56.250	16	7	0	6881	6834	4489	4442	1.3	24.9
14.easyfig.fa	15.easyfig.fa	53.846	13	6	0	2049	2011	7833	7871	1.7	24.4
14.easyfig.fa	15.easyfig.fa	60.000	15	6	0	2	46	7378	7334	3.3	23.5
14.easyfig.fa	15.easyfig.fa	50.000	18	9	0	3979	4032	5013	4960	3.3	23.5
14.easyfig.fa	15.easyfig.fa	31.818	22	15	0	11193	11258	10174	10239	3.3	23.5
14.easyfig.fa	15.easyfig.fa	36.364	33	21	0	5183	5281	3090	3188	4.5	23.1
14.easyfig.fa	15.easyfig.fa	36.364	22	14	0	4994	5059	6072	6137	4.5	23.1
14.easyfig.fa	15.easyfig.fa	31.707	41	28	0	5698	5576	13958	13836	6.1	22.6
14.easyfig.fa	15.easyfig.fa	77.778	9	2	0	12212	12186	10782	10756	6.1	22.6
14.easyfig.fa	15.easyfig.fa	56.250	16	7	0	6560	6513	10433	10386	6.1	22.6
14.easyfig.fa	15.easyfig.fa	50.000	18	9	0	1046	993	8021	7968	6.1	22.6
14.easyfig.fa	15.easyfig.fa	38.462	26	16	0	3922	3845	903	826	6.1	22.6
14.easyfig.fa	15.easyfig.fa	42.857	14	8	0	7050	7091	11537	11578	6.1	22.6
14.easyfig.fa	15.easyfig.fa	29.167	24	17	0	9797	9868	3560	3631	8.4	22.1
14.easyfig.fa	15.easyfig.fa	53.846	13	6	0	6368	6406	7165	7203	8.4	22.1
14.easyfig.fa	15.easyfig.fa	47.059	17	9	0	9836	9886	5184	5134	8.4	22.1
