15.easyfig.fa	16.easyfig.fa	55.224	67	30	0	11273	11473	850	1050	1.10e-64	106
15.easyfig.fa	16.easyfig.fa	40.909	66	39	0	11729	11926	1303	1500	1.10e-64	76.2
15.easyfig.fa	16.easyfig.fa	60.976	41	16	0	11453	11575	1024	1146	1.10e-64	66.6
15.easyfig.fa	16.easyfig.fa	44.444	36	20	0	11585	11692	1153	1260	1.10e-64	42.3
15.easyfig.fa	16.easyfig.fa	54.545	11	5	0	11942	11974	1513	1545	1.10e-64	22.6
15.easyfig.fa	16.easyfig.fa	62.857	35	13	0	11373	11269	950	846	2.73e-24	52.8
15.easyfig.fa	16.easyfig.fa	55.556	36	16	0	11574	11467	1145	1038	2.73e-24	44.6
15.easyfig.fa	16.easyfig.fa	28.571	63	45	0	11929	11741	1503	1315	2.73e-24	37.3
15.easyfig.fa	16.easyfig.fa	53.846	13	6	0	11623	11585	1191	1153	2.73e-24	23.5
15.easyfig.fa	16.easyfig.fa	38.182	55	34	0	11440	11276	1017	853	8.94e-08	37.7
15.easyfig.fa	16.easyfig.fa	56.522	23	10	0	11575	11507	1146	1078	8.94e-08	29.9
15.easyfig.fa	16.easyfig.fa	50.000	18	9	0	13868	13815	4520	4467	0.91	26.7
15.easyfig.fa	16.easyfig.fa	31.579	19	13	0	8648	8704	26646	26590	1.7	25.8
15.easyfig.fa	16.easyfig.fa	46.154	26	14	0	11499	11576	1070	1147	2.4	25.4
15.easyfig.fa	16.easyfig.fa	34.211	38	25	0	145	258	13669	13556	2.4	25.4
15.easyfig.fa	16.easyfig.fa	60.000	15	6	0	10460	10504	9398	9354	2.4	25.4
15.easyfig.fa	16.easyfig.fa	50.000	16	8	0	1027	1074	24158	24205	2.4	25.4
15.easyfig.fa	16.easyfig.fa	61.111	18	7	0	11781	11728	1355	1302	2.4	25.4
15.easyfig.fa	16.easyfig.fa	50.000	14	7	0	4735	4694	21102	21061	3.2	24.9
15.easyfig.fa	16.easyfig.fa	29.412	34	24	0	2416	2315	13626	13525	3.2	24.9
15.easyfig.fa	16.easyfig.fa	50.000	18	9	0	1876	1823	2500	2553	4.4	24.4
15.easyfig.fa	16.easyfig.fa	40.000	20	12	0	1920	1979	23628	23569	4.4	24.4
15.easyfig.fa	16.easyfig.fa	34.211	38	25	0	4007	3894	23191	23304	6.1	24.0
15.easyfig.fa	16.easyfig.fa	39.286	28	17	0	10718	10635	2310	2227	6.1	24.0
15.easyfig.fa	16.easyfig.fa	38.095	21	13	0	11717	11779	31729	31791	6.1	24.0
15.easyfig.fa	16.easyfig.fa	45.455	22	12	0	9494	9559	1839	1904	8.4	23.5
15.easyfig.fa	16.easyfig.fa	25.000	32	24	0	1192	1097	7587	7682	8.4	23.5
15.easyfig.fa	16.easyfig.fa	30.000	30	21	0	1374	1463	12840	12929	8.4	23.5
15.easyfig.fa	16.easyfig.fa	37.037	27	17	0	11355	11275	18748	18668	8.4	23.5
15.easyfig.fa	16.easyfig.fa	45.000	20	11	0	1571	1512	24157	24216	8.4	23.5
15.easyfig.fa	16.easyfig.fa	39.130	23	14	0	14040	14108	31236	31304	8.4	23.5
