16.easyfig.fa	17.easyfig.fa	97.281	331	9	0	25894	26886	26688	27680	0.0	744
16.easyfig.fa	17.easyfig.fa	84.000	325	52	0	3972	4946	5502	6476	0.0	648
16.easyfig.fa	17.easyfig.fa	83.668	349	57	0	25841	26887	26635	27681	0.0	645
16.easyfig.fa	17.easyfig.fa	80.303	330	65	0	26621	25632	27415	26426	0.0	556
16.easyfig.fa	17.easyfig.fa	67.463	335	109	0	3958	4962	5488	6492	0.0	462
16.easyfig.fa	17.easyfig.fa	66.463	328	110	0	4949	3966	6479	5496	0.0	459
16.easyfig.fa	17.easyfig.fa	83.401	247	41	0	26646	25906	27440	26700	0.0	456
16.easyfig.fa	17.easyfig.fa	71.600	250	71	0	4654	3905	6184	5435	0.0	374
16.easyfig.fa	17.easyfig.fa	55.482	301	134	0	10619	11521	12402	13304	0.0	372
16.easyfig.fa	17.easyfig.fa	79.832	238	48	0	26887	26174	27681	26968	0.0	369
16.easyfig.fa	17.easyfig.fa	93.789	161	10	0	1575	2057	2804	3286	0.0	359
16.easyfig.fa	17.easyfig.fa	96.795	156	5	0	25905	26372	26699	27166	0.0	347
16.easyfig.fa	17.easyfig.fa	70.952	210	61	0	5598	4969	7122	6493	0.0	333
16.easyfig.fa	17.easyfig.fa	77.901	181	40	0	4994	5536	6518	7060	0.0	307
16.easyfig.fa	17.easyfig.fa	64.032	253	91	0	3959	4717	5489	6247	0.0	301
16.easyfig.fa	17.easyfig.fa	89.130	138	15	0	5092	5505	6616	7029	0.0	283
16.easyfig.fa	17.easyfig.fa	82.639	144	25	0	1939	1508	3168	2737	0.0	273
16.easyfig.fa	17.easyfig.fa	84.375	128	20	0	483	866	1644	2027	0.0	263
16.easyfig.fa	17.easyfig.fa	89.516	124	13	0	5915	6286	7421	7792	0.0	255
16.easyfig.fa	17.easyfig.fa	67.598	179	58	0	4716	4180	6246	5710	0.0	250
16.easyfig.fa	17.easyfig.fa	83.206	131	22	0	3961	3569	5490	5098	0.0	246
16.easyfig.fa	17.easyfig.fa	74.834	151	38	0	26433	26885	27227	27679	0.0	238
16.easyfig.fa	17.easyfig.fa	86.111	108	15	0	3639	3962	5168	5491	0.0	224
16.easyfig.fa	17.easyfig.fa	72.667	150	41	0	5106	5555	6630	7079	0.0	217
16.easyfig.fa	17.easyfig.fa	73.846	130	34	0	3962	3573	5491	5102	0.0	210
16.easyfig.fa	17.easyfig.fa	53.469	245	114	0	11982	11248	13765	13031	0.0	198
16.easyfig.fa	17.easyfig.fa	72.000	125	35	0	868	494	2029	1655	0.0	195
16.easyfig.fa	17.easyfig.fa	54.412	136	62	0	11573	11980	13356	13763	0.0	194
16.easyfig.fa	17.easyfig.fa	64.706	119	42	0	19029	19385	21962	22318	0.0	193
16.easyfig.fa	17.easyfig.fa	67.176	131	43	0	3572	3964	5101	5493	0.0	188
16.easyfig.fa	17.easyfig.fa	60.741	135	53	0	884	480	2045	1641	0.0	182
16.easyfig.fa	17.easyfig.fa	98.611	72	1	0	26885	26670	27679	27464	0.0	172
16.easyfig.fa	17.easyfig.fa	72.165	97	27	0	20446	20736	23412	23702	0.0	167
16.easyfig.fa	17.easyfig.fa	80.583	103	20	0	1709	2017	2938	3246	0.0	166
16.easyfig.fa	17.easyfig.fa	53.285	137	64	0	9479	9889	11263	11673	0.0	163
16.easyfig.fa	17.easyfig.fa	77.451	102	23	0	2103	1798	3332	3027	0.0	163
16.easyfig.fa	17.easyfig.fa	70.139	144	43	0	5384	4953	6908	6477	0.0	161
16.easyfig.fa	17.easyfig.fa	50.442	113	56	0	10097	10435	11895	12233	0.0	154
16.easyfig.fa	17.easyfig.fa	45.669	127	69	0	15736	16116	16971	17351	0.0	149
16.easyfig.fa	17.easyfig.fa	76.389	72	17	0	9450	9665	11234	11449	0.0	146
16.easyfig.fa	17.easyfig.fa	98.333	60	1	0	26886	26707	27680	27501	0.0	142
16.easyfig.fa	17.easyfig.fa	80.851	94	18	0	26008	25727	26802	26521	0.0	139
16.easyfig.fa	17.easyfig.fa	54.717	106	48	0	5566	5883	7090	7407	0.0	135
16.easyfig.fa	17.easyfig.fa	73.171	82	22	0	5554	5309	7078	6833	0.0	135
16.easyfig.fa	17.easyfig.fa	43.571	140	79	0	17792	18211	20167	20586	0.0	133
16.easyfig.fa	17.easyfig.fa	64.486	107	38	0	3643	3963	5172	5492	0.0	128
16.easyfig.fa	17.easyfig.fa	53.261	92	43	0	1144	1419	2373	2648	0.0	125
16.easyfig.fa	17.easyfig.fa	62.887	97	36	0	6203	5913	7709	7419	0.0	124
16.easyfig.fa	17.easyfig.fa	60.000	80	32	0	25626	25865	26420	26659	0.0	123
16.easyfig.fa	17.easyfig.fa	41.463	123	72	0	12391	12759	14183	14551	0.0	122
16.easyfig.fa	17.easyfig.fa	66.176	68	23	0	16090	16293	17316	17519	0.0	122
16.easyfig.fa	17.easyfig.fa	68.605	86	27	0	4960	4703	6490	6233	0.0	121
16.easyfig.fa	17.easyfig.fa	78.652	89	19	0	6294	6028	7800	7534	0.0	120
16.easyfig.fa	17.easyfig.fa	63.725	102	37	0	565	870	1726	2031	0.0	118
16.easyfig.fa	17.easyfig.fa	65.979	97	33	0	5974	6264	7480	7770	0.0	115
16.easyfig.fa	17.easyfig.fa	50.000	140	70	0	9897	9478	11681	11262	0.0	115
16.easyfig.fa	17.easyfig.fa	59.756	82	33	0	6160	5915	7666	7421	0.0	113
16.easyfig.fa	17.easyfig.fa	55.844	77	34	0	17062	17292	18435	18665	0.0	106
16.easyfig.fa	17.easyfig.fa	34.711	121	79	0	19717	20079	22641	23003	0.0	105
16.easyfig.fa	17.easyfig.fa	58.209	67	28	0	11983	12183	13763	13963	0.0	103
16.easyfig.fa	17.easyfig.fa	64.557	79	28	0	20735	20499	23701	23465	0.0	102
16.easyfig.fa	17.easyfig.fa	93.023	43	3	0	2457	2585	3690	3818	0.0	100
16.easyfig.fa	17.easyfig.fa	46.429	112	60	0	16088	15753	17323	16988	0.0	96.8
16.easyfig.fa	17.easyfig.fa	63.333	90	33	0	5269	5000	6793	6524	0.0	95.5
16.easyfig.fa	17.easyfig.fa	37.430	179	112	0	11152	10616	12935	12399	0.0	94.5
16.easyfig.fa	17.easyfig.fa	46.053	76	41	0	12745	12972	14543	14770	0.0	90.9
16.easyfig.fa	17.easyfig.fa	71.429	56	16	0	2617	2450	3850	3683	0.0	90.9
16.easyfig.fa	17.easyfig.fa	69.620	79	24	0	1501	1737	2730	2966	0.0	88.6
16.easyfig.fa	17.easyfig.fa	65.000	60	21	0	686	865	1847	2026	0.0	85.8
16.easyfig.fa	17.easyfig.fa	47.222	72	38	0	15391	15606	16578	16793	0.0	85.8
16.easyfig.fa	17.easyfig.fa	49.254	67	34	0	18749	18949	21343	21543	0.0	84.9
16.easyfig.fa	17.easyfig.fa	53.846	52	24	0	865	1020	2067	2222	0.0	82.6
16.easyfig.fa	17.easyfig.fa	46.875	96	51	0	20739	20452	23705	23418	0.0	82.2
16.easyfig.fa	17.easyfig.fa	53.933	89	41	0	19295	19029	22228	21962	0.0	82.2
16.easyfig.fa	17.easyfig.fa	94.286	35	2	0	2036	1932	3265	3161	0.0	80.8
16.easyfig.fa	17.easyfig.fa	34.043	94	62	0	13140	13421	15076	15357	0.0	80.3
16.easyfig.fa	17.easyfig.fa	69.091	55	17	0	9664	9500	11448	11284	0.0	80.3
16.easyfig.fa	17.easyfig.fa	71.111	45	13	0	2589	2455	3822	3688	0.0	80.3
16.easyfig.fa	17.easyfig.fa	57.143	49	21	0	21816	21962	25412	25558	0.0	79.9
16.easyfig.fa	17.easyfig.fa	52.564	78	37	0	17294	17061	18667	18434	0.0	78.5
16.easyfig.fa	17.easyfig.fa	73.171	41	11	0	1024	1146	2250	2372	0.0	78.0
16.easyfig.fa	17.easyfig.fa	50.000	56	28	0	15598	15765	16797	16964	0.0	77.1
16.easyfig.fa	17.easyfig.fa	75.000	40	10	0	17332	17451	18699	18818	0.0	77.1
16.easyfig.fa	17.easyfig.fa	73.333	45	12	0	16289	16155	17515	17381	0.0	75.8
16.easyfig.fa	17.easyfig.fa	76.190	42	10	0	2458	2583	3691	3816	0.0	72.1
16.easyfig.fa	17.easyfig.fa	57.971	69	29	0	10827	10621	12610	12404	0.0	70.3
16.easyfig.fa	17.easyfig.fa	73.333	45	12	0	2456	2590	3689	3823	0.0	67.5
16.easyfig.fa	17.easyfig.fa	41.176	68	40	0	19485	19688	22409	22612	0.0	67.5
16.easyfig.fa	17.easyfig.fa	60.000	55	22	0	5913	6077	7419	7583	0.0	66.6
16.easyfig.fa	17.easyfig.fa	52.459	61	29	0	11199	11017	12982	12800	0.0	66.1
16.easyfig.fa	17.easyfig.fa	76.316	38	9	0	6123	6236	7629	7742	0.0	64.8
16.easyfig.fa	17.easyfig.fa	59.649	57	23	0	12985	13155	14780	14950	0.0	64.3
16.easyfig.fa	17.easyfig.fa	68.085	47	15	0	19078	19218	22011	22151	0.0	62.5
16.easyfig.fa	17.easyfig.fa	65.789	38	13	0	20071	20184	22998	23111	0.0	62.5
16.easyfig.fa	17.easyfig.fa	78.788	33	7	0	5525	5427	7049	6951	0.0	62.0
16.easyfig.fa	17.easyfig.fa	70.732	41	12	0	1739	1617	2968	2846	0.0	62.0
16.easyfig.fa	17.easyfig.fa	47.059	68	36	0	19384	19181	22317	22114	0.0	61.6
16.easyfig.fa	17.easyfig.fa	53.659	41	19	0	7969	8091	9764	9886	0.0	61.6
16.easyfig.fa	17.easyfig.fa	27.885	104	75	0	15127	15438	16308	16619	0.0	61.6
16.easyfig.fa	17.easyfig.fa	67.347	49	16	0	2576	2430	3809	3663	0.0	61.6
16.easyfig.fa	17.easyfig.fa	62.500	40	15	0	1629	1510	2858	2739	0.0	60.6
16.easyfig.fa	17.easyfig.fa	70.000	30	9	0	774	685	1935	1846	0.0	60.6
16.easyfig.fa	17.easyfig.fa	43.396	53	30	0	21072	21230	24077	24235	0.0	60.2
16.easyfig.fa	17.easyfig.fa	36.364	66	42	0	6495	6692	7971	8168	0.0	59.7
16.easyfig.fa	17.easyfig.fa	66.667	39	13	0	19218	19102	22151	22035	0.0	59.3
16.easyfig.fa	17.easyfig.fa	62.500	40	15	0	19138	19019	22071	21952	0.0	58.8
16.easyfig.fa	17.easyfig.fa	52.542	59	28	0	4146	3970	5676	5500	0.0	58.8
16.easyfig.fa	17.easyfig.fa	100.000	20	0	0	26125	26066	26919	26860	0.0	55.6
16.easyfig.fa	17.easyfig.fa	44.444	63	35	0	21997	21809	25593	25405	0.0	55.6
16.easyfig.fa	17.easyfig.fa	46.774	62	33	0	15961	15776	17196	17011	0.0	55.6
16.easyfig.fa	17.easyfig.fa	88.462	26	3	0	9297	9374	11084	11161	0.0	55.6
16.easyfig.fa	17.easyfig.fa	45.714	70	38	0	10434	10225	12232	12023	0.0	55.1
16.easyfig.fa	17.easyfig.fa	46.875	64	34	0	15966	15775	17201	17010	0.0	54.7
16.easyfig.fa	17.easyfig.fa	57.500	40	17	0	9275	9394	11062	11181	0.0	52.8
16.easyfig.fa	17.easyfig.fa	46.512	86	46	0	20478	20735	23444	23701	0.0	52.4
16.easyfig.fa	17.easyfig.fa	73.333	30	8	0	1244	1155	2473	2384	0.0	51.5
16.easyfig.fa	17.easyfig.fa	67.647	34	11	0	3717	3616	5246	5145	0.0	51.0
16.easyfig.fa	17.easyfig.fa	77.419	31	7	0	1553	1645	2782	2874	0.0	50.6
16.easyfig.fa	17.easyfig.fa	62.791	43	16	0	9430	9302	11217	11089	0.0	50.1
16.easyfig.fa	17.easyfig.fa	45.714	70	38	0	25618	25827	26412	26621	0.0	49.6
16.easyfig.fa	17.easyfig.fa	43.396	53	30	0	21959	21801	25555	25397	0.0	49.2
16.easyfig.fa	17.easyfig.fa	55.000	40	18	0	4954	5073	6478	6597	0.0	49.2
16.easyfig.fa	17.easyfig.fa	70.000	40	12	0	17444	17325	18811	18692	0.0	49.2
16.easyfig.fa	17.easyfig.fa	31.579	76	52	0	20158	20385	23100	23327	0.0	48.7
16.easyfig.fa	17.easyfig.fa	43.284	67	38	0	18948	18748	21542	21342	0.0	46.9
16.easyfig.fa	17.easyfig.fa	61.290	31	12	0	17418	17326	18785	18693	0.0	46.9
16.easyfig.fa	17.easyfig.fa	66.667	36	12	0	17319	17426	18686	18793	0.0	46.4
16.easyfig.fa	17.easyfig.fa	46.667	60	32	0	12972	12793	14770	14591	0.0	46.0
16.easyfig.fa	17.easyfig.fa	39.560	91	55	0	10876	11148	12659	12931	0.0	45.5
16.easyfig.fa	17.easyfig.fa	48.889	45	23	0	9701	9567	11485	11351	0.0	45.1
16.easyfig.fa	17.easyfig.fa	51.111	45	22	0	19944	20078	22868	23002	0.0	45.1
16.easyfig.fa	17.easyfig.fa	49.020	51	26	0	1025	873	2227	2075	0.0	45.1
16.easyfig.fa	17.easyfig.fa	46.000	50	27	0	16140	16289	17366	17515	0.0	44.1
16.easyfig.fa	17.easyfig.fa	82.609	23	4	0	5982	5914	7488	7420	0.0	44.1
16.easyfig.fa	17.easyfig.fa	47.826	46	24	0	17236	17099	18609	18472	0.0	43.2
16.easyfig.fa	17.easyfig.fa	54.839	31	14	0	1880	1788	3109	3017	0.0	42.8
16.easyfig.fa	17.easyfig.fa	58.065	31	13	0	1245	1153	2474	2382	0.0	42.8
16.easyfig.fa	17.easyfig.fa	68.000	25	8	0	1070	1144	2296	2370	0.0	42.3
16.easyfig.fa	17.easyfig.fa	33.333	69	46	0	8691	8897	10468	10674	0.0	42.3
16.easyfig.fa	17.easyfig.fa	50.000	62	31	0	12170	11985	13950	13765	0.0	42.3
16.easyfig.fa	17.easyfig.fa	80.000	20	4	0	2155	2214	3393	3452	0.0	41.4
16.easyfig.fa	17.easyfig.fa	43.103	58	33	0	12743	12570	14535	14362	0.0	40.9
16.easyfig.fa	17.easyfig.fa	48.718	39	20	0	25866	25750	26660	26544	0.0	40.5
16.easyfig.fa	17.easyfig.fa	35.632	87	56	0	11497	11237	13280	13020	0.0	40.5
16.easyfig.fa	17.easyfig.fa	86.364	22	3	0	2068	2003	3297	3232	0.0	40.0
16.easyfig.fa	17.easyfig.fa	55.263	38	17	0	20183	20070	23110	22997	0.0	39.6
16.easyfig.fa	17.easyfig.fa	62.069	29	11	0	4772	4858	6302	6388	0.0	39.6
16.easyfig.fa	17.easyfig.fa	53.846	39	18	0	20078	19962	23002	22886	0.0	39.1
16.easyfig.fa	17.easyfig.fa	51.724	29	14	0	17915	17829	20290	20204	0.0	39.1
16.easyfig.fa	17.easyfig.fa	40.816	49	29	0	482	628	1643	1789	0.0	38.6
16.easyfig.fa	17.easyfig.fa	50.000	32	16	0	6762	6857	8445	8540	0.0	38.6
16.easyfig.fa	17.easyfig.fa	57.143	28	12	0	17833	17916	20208	20291	0.0	38.6
16.easyfig.fa	17.easyfig.fa	48.571	35	18	0	2341	2445	3570	3674	0.0	38.2
16.easyfig.fa	17.easyfig.fa	56.410	39	17	0	15527	15411	16714	16598	0.0	38.2
16.easyfig.fa	17.easyfig.fa	65.714	35	12	0	5837	5733	7361	7257	0.0	37.7
16.easyfig.fa	17.easyfig.fa	53.846	26	12	0	20727	20804	23696	23773	0.0	37.7
16.easyfig.fa	17.easyfig.fa	70.833	24	7	0	16139	16210	17365	17436	0.0	36.8
16.easyfig.fa	17.easyfig.fa	42.500	40	23	0	11320	11439	13103	13222	0.0	35.9
16.easyfig.fa	17.easyfig.fa	65.000	20	7	0	1423	1482	2649	2708	0.0	35.4
16.easyfig.fa	17.easyfig.fa	44.737	38	21	0	19648	19535	22572	22459	0.0	35.4
16.easyfig.fa	17.easyfig.fa	33.962	53	35	0	10182	10340	11980	12138	0.0	35.4
16.easyfig.fa	17.easyfig.fa	42.593	54	31	0	11370	11531	13153	13314	0.0	35.4
16.easyfig.fa	17.easyfig.fa	49.020	51	26	0	15761	15609	16960	16808	0.0	35.0
16.easyfig.fa	17.easyfig.fa	55.172	29	13	0	9481	9567	11265	11351	0.0	35.0
16.easyfig.fa	17.easyfig.fa	40.000	35	21	0	14791	14895	15999	16103	0.0	35.0
16.easyfig.fa	17.easyfig.fa	76.471	17	4	0	13058	13008	14853	14803	0.0	34.5
16.easyfig.fa	17.easyfig.fa	44.444	63	35	0	20453	20641	23419	23607	0.0	34.5
16.easyfig.fa	17.easyfig.fa	41.860	43	25	0	11779	11651	13562	13434	0.0	33.6
16.easyfig.fa	17.easyfig.fa	51.613	31	15	0	1246	1154	2475	2383	0.0	33.6
16.easyfig.fa	17.easyfig.fa	81.250	16	3	0	1145	1098	2371	2324	0.0	33.6
16.easyfig.fa	17.easyfig.fa	55.000	20	9	0	3063	3122	4425	4484	0.0	33.1
16.easyfig.fa	17.easyfig.fa	60.000	25	10	0	16213	16139	17439	17365	0.0	33.1
16.easyfig.fa	17.easyfig.fa	53.846	26	12	0	10956	10879	12739	12662	0.0	33.1
16.easyfig.fa	17.easyfig.fa	34.146	41	27	0	8088	7966	9883	9761	0.0	33.1
16.easyfig.fa	17.easyfig.fa	32.692	52	35	0	1020	865	2222	2067	0.0	33.1
16.easyfig.fa	17.easyfig.fa	72.222	18	5	0	18195	18142	20570	20517	0.0	32.7
16.easyfig.fa	17.easyfig.fa	47.222	36	19	0	13099	12992	14894	14787	0.0	32.7
16.easyfig.fa	17.easyfig.fa	41.096	73	43	0	11108	10890	12891	12673	0.0	32.7
16.easyfig.fa	17.easyfig.fa	66.667	21	7	0	1831	1893	3060	3122	0.0	32.2
16.easyfig.fa	17.easyfig.fa	62.500	16	6	0	25751	25798	26545	26592	0.0	32.2
16.easyfig.fa	17.easyfig.fa	73.684	19	5	0	1089	1145	2315	2371	0.0	31.8
16.easyfig.fa	17.easyfig.fa	77.778	18	4	0	9315	9262	11102	11049	0.0	31.8
16.easyfig.fa	17.easyfig.fa	51.282	39	19	0	11856	11972	13639	13755	0.0	31.3
16.easyfig.fa	17.easyfig.fa	64.000	25	9	0	1144	1070	2370	2296	0.0	31.3
16.easyfig.fa	17.easyfig.fa	42.593	54	31	0	17994	17833	20369	20208	0.0	30.9
16.easyfig.fa	17.easyfig.fa	44.828	29	16	0	12235	12321	14018	14104	0.0	30.9
16.easyfig.fa	17.easyfig.fa	44.231	52	29	0	12984	13139	14779	14934	0.0	30.4
16.easyfig.fa	17.easyfig.fa	40.000	45	27	0	19937	20071	22861	22995	0.0	30.4
16.easyfig.fa	17.easyfig.fa	45.455	44	24	0	8093	7962	9888	9757	0.0	29.9
16.easyfig.fa	17.easyfig.fa	92.308	13	1	0	1993	2031	3222	3260	0.0	29.5
16.easyfig.fa	17.easyfig.fa	54.545	22	10	0	13059	12994	14854	14789	0.0	29.5
16.easyfig.fa	17.easyfig.fa	44.828	29	16	0	17235	17149	18608	18522	0.0	29.0
16.easyfig.fa	17.easyfig.fa	68.421	19	6	0	16194	16138	17420	17364	0.0	29.0
16.easyfig.fa	17.easyfig.fa	55.556	18	8	0	15684	15631	16883	16830	0.0	29.0
16.easyfig.fa	17.easyfig.fa	50.000	18	9	0	9817	9870	11601	11654	0.0	29.0
16.easyfig.fa	17.easyfig.fa	44.000	50	28	0	12968	12819	14766	14617	0.0	29.0
16.easyfig.fa	17.easyfig.fa	58.824	17	7	0	18413	18463	20959	21009	0.0	29.0
16.easyfig.fa	17.easyfig.fa	54.545	22	10	0	20200	20265	23118	23183	0.0	28.6
16.easyfig.fa	17.easyfig.fa	81.818	11	2	0	12482	12450	14274	14242	0.0	27.6
16.easyfig.fa	17.easyfig.fa	51.613	31	15	0	1152	1244	2381	2473	0.0	27.2
16.easyfig.fa	17.easyfig.fa	63.158	19	7	0	20264	20208	23182	23126	0.0	27.2
16.easyfig.fa	17.easyfig.fa	36.842	76	48	0	12746	12973	14544	14771	0.0	27.2
16.easyfig.fa	17.easyfig.fa	46.154	26	14	0	19419	19496	22340	22417	0.0	27.2
16.easyfig.fa	17.easyfig.fa	45.238	42	23	0	11438	11313	13221	13096	0.0	26.7
16.easyfig.fa	17.easyfig.fa	75.000	20	5	0	4950	5009	6474	6533	0.0	26.3
16.easyfig.fa	17.easyfig.fa	45.238	42	23	0	11981	11856	13764	13639	0.0	25.8
16.easyfig.fa	17.easyfig.fa	42.857	42	24	0	10823	10698	12606	12481	0.0	25.8
16.easyfig.fa	17.easyfig.fa	83.333	12	2	0	19103	19138	22036	22071	0.0	25.8
16.easyfig.fa	17.easyfig.fa	50.000	16	8	0	21402	21449	24893	24940	0.0	25.8
16.easyfig.fa	17.easyfig.fa	68.750	16	5	0	17072	17025	18448	18401	0.0	25.4
16.easyfig.fa	17.easyfig.fa	83.333	12	2	0	17026	17061	18402	18437	0.0	25.4
16.easyfig.fa	17.easyfig.fa	90.000	10	1	0	2134	2163	3378	3407	0.0	24.9
16.easyfig.fa	17.easyfig.fa	66.667	15	5	0	19175	19219	22108	22152	0.0	24.9
16.easyfig.fa	17.easyfig.fa	56.250	16	7	0	20011	19964	22935	22888	0.0	24.4
16.easyfig.fa	17.easyfig.fa	45.238	42	23	0	11699	11574	13482	13357	0.0	24.4
16.easyfig.fa	17.easyfig.fa	34.043	47	31	0	21966	21826	25562	25422	0.0	24.0
16.easyfig.fa	17.easyfig.fa	50.000	32	16	0	1154	1249	2383	2478	0.0	24.0
16.easyfig.fa	17.easyfig.fa	55.556	27	12	0	18142	18222	20517	20597	0.0	24.0
16.easyfig.fa	17.easyfig.fa	52.632	19	9	0	2453	2397	3682	3626	0.0	24.0
16.easyfig.fa	17.easyfig.fa	66.667	15	5	0	20384	20340	23326	23282	0.0	23.5
16.easyfig.fa	17.easyfig.fa	46.667	15	8	0	13470	13514	13728	13772	0.0	23.5
16.easyfig.fa	17.easyfig.fa	51.852	27	13	0	6841	6761	8524	8444	0.0	23.5
16.easyfig.fa	17.easyfig.fa	40.741	27	16	0	15529	15449	16716	16636	0.0	23.1
16.easyfig.fa	17.easyfig.fa	30.769	26	18	0	8348	8271	8884	8807	0.0	23.1
16.easyfig.fa	17.easyfig.fa	40.000	25	15	0	1497	1423	2723	2649	0.0	23.1
16.easyfig.fa	17.easyfig.fa	26.667	45	33	0	21245	21111	24250	24116	0.0	22.6
16.easyfig.fa	17.easyfig.fa	46.429	28	15	0	21208	21125	24213	24130	0.0	22.6
16.easyfig.fa	17.easyfig.fa	40.741	27	16	0	17965	17885	20340	20260	0.0	22.6
16.easyfig.fa	17.easyfig.fa	54.167	24	11	0	11689	11760	13472	13543	0.0	22.6
16.easyfig.fa	17.easyfig.fa	37.500	40	25	0	15798	15917	17033	17152	0.0	22.6
16.easyfig.fa	17.easyfig.fa	32.812	64	43	0	6685	6494	8161	7970	0.0	22.6
16.easyfig.fa	17.easyfig.fa	33.333	27	18	0	25727	25647	26494	26414	0.0	22.1
16.easyfig.fa	17.easyfig.fa	54.167	24	11	0	25684	25613	26478	26407	0.0	22.1
16.easyfig.fa	17.easyfig.fa	46.667	15	8	0	12325	12369	14096	14140	0.0	22.1
16.easyfig.fa	17.easyfig.fa	55.556	18	8	0	11540	11487	13323	13270	0.0	22.1
16.easyfig.fa	17.easyfig.fa	57.143	14	6	0	4716	4675	6246	6205	0.0	22.1
16.easyfig.fa	17.easyfig.fa	44.444	18	10	0	3279	3226	4779	4726	0.0	22.1
16.easyfig.fa	17.easyfig.fa	50.000	16	8	0	2400	2353	3545	3498	0.0	22.1
16.easyfig.fa	17.easyfig.fa	63.158	19	7	0	10767	10823	12550	12606	0.0	21.7
16.easyfig.fa	17.easyfig.fa	65.574	61	21	0	3963	3781	5492	5310	4.59e-20	91.8
16.easyfig.fa	17.easyfig.fa	40.741	54	32	0	25689	25850	23487	23648	5.38e-06	45.1
16.easyfig.fa	17.easyfig.fa	43.590	39	22	0	20611	20727	26573	26689	1.92e-05	43.2
16.easyfig.fa	17.easyfig.fa	23.404	47	36	0	16039	16179	24971	25111	0.68	28.1
16.easyfig.fa	17.easyfig.fa	35.484	31	20	0	16206	16298	10521	10613	0.94	27.6
16.easyfig.fa	17.easyfig.fa	40.000	20	12	0	3285	3226	18045	17986	1.3	27.2
16.easyfig.fa	17.easyfig.fa	27.500	40	29	0	26622	26503	27294	27413	1.3	27.2
16.easyfig.fa	17.easyfig.fa	47.059	17	9	0	533	483	19032	18982	1.8	26.7
16.easyfig.fa	17.easyfig.fa	37.838	37	23	0	23577	23467	12324	12214	1.8	26.7
16.easyfig.fa	17.easyfig.fa	52.381	21	10	0	20748	20686	8213	8151	1.8	26.7
16.easyfig.fa	17.easyfig.fa	42.105	19	11	0	20721	20665	9775	9719	3.3	25.8
16.easyfig.fa	17.easyfig.fa	37.931	29	18	0	25602	25688	6228	6314	4.6	25.4
16.easyfig.fa	17.easyfig.fa	35.484	31	20	0	9692	9784	23424	23516	4.6	25.4
16.easyfig.fa	17.easyfig.fa	44.444	18	10	0	28590	28643	3555	3608	6.3	24.9
16.easyfig.fa	17.easyfig.fa	47.368	19	10	0	10115	10171	11172	11228	6.3	24.9
16.easyfig.fa	17.easyfig.fa	39.474	38	23	0	28697	28584	7301	7188	6.3	24.9
16.easyfig.fa	17.easyfig.fa	45.455	22	12	0	21393	21458	15183	15118	8.7	24.4
16.easyfig.fa	17.easyfig.fa	47.368	19	10	0	15690	15746	10428	10372	8.7	24.4
