3.easyfig.fa	4.easyfig.fa	40.000	20	12	0	15424	15365	2088	2029	0.75	25.8
3.easyfig.fa	4.easyfig.fa	45.000	20	11	0	14678	14737	4700	4759	1.4	24.9
3.easyfig.fa	4.easyfig.fa	50.000	16	8	0	3396	3443	1064	1111	2.0	24.4
3.easyfig.fa	4.easyfig.fa	80.000	10	2	0	13785	13814	5598	5569	2.0	24.4
3.easyfig.fa	4.easyfig.fa	34.375	32	21	0	10267	10362	4139	4044	2.0	24.4
3.easyfig.fa	4.easyfig.fa	44.444	18	10	0	20866	20813	3879	3932	2.0	24.4
3.easyfig.fa	4.easyfig.fa	31.818	22	15	0	12657	12592	94	159	2.7	24.0
3.easyfig.fa	4.easyfig.fa	37.037	27	17	0	19890	19810	2210	2290	2.7	24.0
3.easyfig.fa	4.easyfig.fa	53.333	15	7	0	23273	23317	3904	3860	2.7	24.0
3.easyfig.fa	4.easyfig.fa	52.381	21	10	0	19973	20035	3153	3091	2.7	24.0
3.easyfig.fa	4.easyfig.fa	53.846	13	6	0	3412	3450	4739	4777	2.7	24.0
3.easyfig.fa	4.easyfig.fa	41.176	17	10	0	2985	3035	6811	6861	2.7	24.0
3.easyfig.fa	4.easyfig.fa	35.714	28	18	0	9858	9941	907	990	3.7	23.5
3.easyfig.fa	4.easyfig.fa	45.000	20	11	0	8028	7969	5847	5906	3.7	23.5
3.easyfig.fa	4.easyfig.fa	42.857	21	12	0	24004	24066	4776	4838	5.1	23.1
3.easyfig.fa	4.easyfig.fa	29.412	34	24	0	15168	15067	1910	1809	5.1	23.1
3.easyfig.fa	4.easyfig.fa	47.368	19	10	0	1200	1256	1603	1547	5.1	23.1
3.easyfig.fa	4.easyfig.fa	63.636	11	4	0	14108	14076	5619	5587	7.0	22.6
3.easyfig.fa	4.easyfig.fa	47.368	19	10	0	2373	2429	2502	2558	7.0	22.6
3.easyfig.fa	4.easyfig.fa	43.478	23	13	0	2334	2402	3144	3076	7.0	22.6
3.easyfig.fa	4.easyfig.fa	33.333	30	20	0	991	902	3130	3041	7.0	22.6
3.easyfig.fa	4.easyfig.fa	34.483	29	19	0	12180	12094	2992	2906	7.0	22.6
3.easyfig.fa	4.easyfig.fa	35.714	28	18	0	16476	16393	2836	2753	7.0	22.6
3.easyfig.fa	4.easyfig.fa	25.641	39	29	0	23201	23317	4647	4763	7.0	22.6
3.easyfig.fa	4.easyfig.fa	60.000	10	4	0	21650	21679	76	105	9.5	22.1
3.easyfig.fa	4.easyfig.fa	47.059	17	9	0	2632	2682	747	797	9.5	22.1
3.easyfig.fa	4.easyfig.fa	60.000	10	4	0	19310	19281	4176	4147	9.5	22.1
3.easyfig.fa	4.easyfig.fa	38.889	18	11	0	8315	8262	4080	4027	9.5	22.1
3.easyfig.fa	4.easyfig.fa	33.333	27	18	0	18991	19071	5579	5659	9.5	22.1
3.easyfig.fa	4.easyfig.fa	61.538	13	5	0	18231	18269	1191	1153	9.5	22.1
3.easyfig.fa	4.easyfig.fa	38.889	18	11	0	17402	17455	6316	6369	9.5	22.1
