4.easyfig.fa	5.easyfig.fa	50.282	177	88	0	2178	1648	22268	21738	7.61e-86	232
4.easyfig.fa	5.easyfig.fa	59.375	32	13	0	2346	2251	22418	22323	7.61e-86	59.7
4.easyfig.fa	5.easyfig.fa	63.636	33	12	0	1485	1387	530	432	7.61e-86	56.5
4.easyfig.fa	5.easyfig.fa	64.286	28	10	0	1341	1258	365	282	7.61e-86	44.1
4.easyfig.fa	5.easyfig.fa	63.158	19	7	0	1155	1099	203	147	7.61e-86	31.3
4.easyfig.fa	5.easyfig.fa	48.000	25	13	0	4003	3929	23837	23763	7.61e-86	24.0
4.easyfig.fa	5.easyfig.fa	47.887	142	74	0	1754	2179	21844	22269	9.66e-37	114
4.easyfig.fa	5.easyfig.fa	81.818	22	4	0	1259	1324	283	348	9.66e-37	49.2
4.easyfig.fa	5.easyfig.fa	65.625	32	11	0	1388	1483	433	528	9.66e-37	45.1
4.easyfig.fa	5.easyfig.fa	32.432	37	25	0	2236	2346	22308	22418	9.66e-37	26.7
4.easyfig.fa	5.easyfig.fa	68.750	16	5	0	1105	1152	153	200	9.66e-37	24.0
4.easyfig.fa	5.easyfig.fa	28.000	25	18	0	3874	3948	22662	22736	9.66e-37	23.5
4.easyfig.fa	5.easyfig.fa	61.538	13	5	0	1601	1639	14604	14642	9.66e-37	22.6
4.easyfig.fa	5.easyfig.fa	50.000	18	9	0	5470	5523	25751	25804	9.66e-37	21.2
4.easyfig.fa	5.easyfig.fa	37.008	127	80	0	2089	1709	22179	21799	5.06e-18	61.6
4.easyfig.fa	5.easyfig.fa	60.714	28	11	0	105	22	512	429	5.06e-18	46.4
4.easyfig.fa	5.easyfig.fa	46.667	30	16	0	1112	1023	699	610	5.06e-18	32.7
4.easyfig.fa	5.easyfig.fa	40.909	22	13	0	1308	1243	5506	5441	5.06e-18	24.4
4.easyfig.fa	5.easyfig.fa	90.909	11	1	0	937	905	534	502	5.06e-18	24.0
4.easyfig.fa	5.easyfig.fa	37.288	118	74	0	1687	2040	21777	22130	7.28e-14	63.8
4.easyfig.fa	5.easyfig.fa	52.000	25	12	0	34	108	441	515	7.28e-14	35.9
4.easyfig.fa	5.easyfig.fa	75.000	12	3	0	894	929	14612	14647	7.28e-14	29.0
4.easyfig.fa	5.easyfig.fa	60.000	15	6	0	391	435	500	544	7.28e-14	27.2
4.easyfig.fa	5.easyfig.fa	100.000	7	0	0	1459	1479	15250	15270	7.28e-14	23.1
4.easyfig.fa	5.easyfig.fa	63.636	11	4	0	696	728	13735	13767	7.28e-14	21.7
4.easyfig.fa	5.easyfig.fa	28.571	42	30	0	454	579	1493	1618	7.28e-14	21.2
4.easyfig.fa	5.easyfig.fa	28.000	25	18	0	727	801	14392	14466	7.28e-14	21.2
4.easyfig.fa	5.easyfig.fa	52.941	17	8	0	2474	2524	23175	23225	7.28e-14	21.2
4.easyfig.fa	5.easyfig.fa	50.000	10	5	0	6417	6446	25216	25245	7.28e-14	21.2
4.easyfig.fa	5.easyfig.fa	56.757	37	16	0	1603	1493	22571	22461	1.76e-11	58.8
4.easyfig.fa	5.easyfig.fa	45.455	33	18	0	108	10	5686	5588	1.76e-11	38.6
4.easyfig.fa	5.easyfig.fa	38.095	21	13	0	912	850	15980	15918	1.76e-11	22.1
4.easyfig.fa	5.easyfig.fa	43.750	16	9	0	518	471	15103	15056	1.76e-11	21.7
4.easyfig.fa	5.easyfig.fa	39.189	74	45	0	2087	1866	22177	21956	6.35e-09	41.8
4.easyfig.fa	5.easyfig.fa	81.818	22	4	0	1490	1425	535	470	6.35e-09	38.6
4.easyfig.fa	5.easyfig.fa	73.333	15	4	0	1301	1257	325	281	6.35e-09	26.7
4.easyfig.fa	5.easyfig.fa	59.259	27	11	0	35	115	442	522	7.93e-08	39.6
4.easyfig.fa	5.easyfig.fa	70.000	20	6	0	1500	1559	22468	22527	7.93e-08	35.0
4.easyfig.fa	5.easyfig.fa	34.286	35	23	0	825	929	13650	13754	7.93e-08	29.9
4.easyfig.fa	5.easyfig.fa	43.750	16	9	0	386	433	3424	3471	7.93e-08	24.4
4.easyfig.fa	5.easyfig.fa	48.000	25	13	0	1409	1483	14575	14649	7.93e-08	24.0
4.easyfig.fa	5.easyfig.fa	63.636	11	4	0	1615	1647	22911	22943	7.93e-08	21.2
4.easyfig.fa	5.easyfig.fa	80.000	15	3	0	1435	1479	480	524	4.98e-05	39.6
4.easyfig.fa	5.easyfig.fa	80.952	21	4	0	1486	1424	531	469	3.35e-04	36.8
4.easyfig.fa	5.easyfig.fa	38.235	68	42	0	1944	2147	22034	22237	0.002	34.1
4.easyfig.fa	5.easyfig.fa	78.571	14	3	0	1438	1479	649	690	0.034	29.9
4.easyfig.fa	5.easyfig.fa	83.333	12	2	0	903	938	500	535	0.034	29.5
4.easyfig.fa	5.easyfig.fa	53.846	13	6	0	3442	3480	20653	20691	0.034	25.4
4.easyfig.fa	5.easyfig.fa	44.000	25	14	0	1708	1782	2989	3063	0.034	21.7
4.easyfig.fa	5.easyfig.fa	53.333	15	7	0	1809	1853	9396	9440	0.034	21.7
4.easyfig.fa	5.easyfig.fa	34.375	32	21	0	2423	2518	13713	13808	0.034	21.7
4.easyfig.fa	5.easyfig.fa	39.286	28	17	0	3320	3403	14862	14945	0.034	21.7
4.easyfig.fa	5.easyfig.fa	66.667	18	6	0	1485	1432	696	643	0.19	27.6
4.easyfig.fa	5.easyfig.fa	64.706	17	6	0	879	929	642	692	0.26	27.2
4.easyfig.fa	5.easyfig.fa	63.636	22	8	0	2552	2487	733	668	0.36	26.7
4.easyfig.fa	5.easyfig.fa	70.588	17	5	0	1111	1061	698	648	0.50	26.3
4.easyfig.fa	5.easyfig.fa	62.500	16	6	0	2489	2536	670	717	0.68	25.8
4.easyfig.fa	5.easyfig.fa	66.667	18	6	0	931	878	694	641	0.68	25.8
4.easyfig.fa	5.easyfig.fa	58.333	12	5	0	5009	5044	24349	24314	0.94	25.4
4.easyfig.fa	5.easyfig.fa	47.059	17	9	0	1332	1382	8421	8471	1.3	24.9
4.easyfig.fa	5.easyfig.fa	38.095	21	13	0	489	551	23213	23275	1.3	24.9
4.easyfig.fa	5.easyfig.fa	50.000	20	10	0	2818	2759	154	213	1.8	24.4
4.easyfig.fa	5.easyfig.fa	100.000	7	0	0	483	503	13732	13752	1.8	24.4
4.easyfig.fa	5.easyfig.fa	72.727	11	3	0	391	423	14621	14653	1.8	24.4
4.easyfig.fa	5.easyfig.fa	39.130	23	14	0	445	513	23495	23563	1.8	24.4
4.easyfig.fa	5.easyfig.fa	71.429	14	4	0	2526	2485	707	666	1.8	24.4
4.easyfig.fa	5.easyfig.fa	80.000	15	3	0	1258	1302	282	326	2.4	24.0
4.easyfig.fa	5.easyfig.fa	88.889	9	1	0	903	929	816	842	2.4	24.0
4.easyfig.fa	5.easyfig.fa	35.714	28	18	0	2465	2548	20585	20502	2.4	24.0
4.easyfig.fa	5.easyfig.fa	25.532	47	35	0	6690	6830	12770	12910	2.4	24.0
4.easyfig.fa	5.easyfig.fa	100.000	8	0	0	906	929	15249	15272	2.4	24.0
4.easyfig.fa	5.easyfig.fa	31.429	35	24	0	488	592	20988	21092	2.4	24.0
4.easyfig.fa	5.easyfig.fa	57.895	19	8	0	1493	1437	704	648	2.4	24.0
4.easyfig.fa	5.easyfig.fa	66.667	15	5	0	741	697	552	508	2.4	24.0
4.easyfig.fa	5.easyfig.fa	47.619	21	11	0	676	738	487	549	3.3	23.5
4.easyfig.fa	5.easyfig.fa	53.333	15	7	0	1435	1479	14601	14645	3.3	23.5
4.easyfig.fa	5.easyfig.fa	40.909	22	13	0	3385	3320	2238	2173	3.3	23.5
4.easyfig.fa	5.easyfig.fa	90.000	10	1	0	1486	1457	697	668	3.3	23.5
4.easyfig.fa	5.easyfig.fa	61.905	21	8	0	95	33	502	440	3.3	23.5
4.easyfig.fa	5.easyfig.fa	57.895	19	8	0	94	38	501	445	3.3	23.5
4.easyfig.fa	5.easyfig.fa	46.667	15	8	0	6196	6240	4848	4892	4.6	23.1
4.easyfig.fa	5.easyfig.fa	37.500	32	20	0	3703	3798	5731	5826	4.6	23.1
4.easyfig.fa	5.easyfig.fa	63.636	11	4	0	4348	4380	13538	13506	4.6	23.1
4.easyfig.fa	5.easyfig.fa	87.500	8	1	0	1450	1473	14453	14476	4.6	23.1
4.easyfig.fa	5.easyfig.fa	58.333	12	5	0	247	282	17763	17798	4.6	23.1
4.easyfig.fa	5.easyfig.fa	55.000	20	9	0	3972	4031	24415	24356	6.3	22.6
4.easyfig.fa	5.easyfig.fa	77.778	9	2	0	1622	1648	14462	14488	6.3	22.6
4.easyfig.fa	5.easyfig.fa	50.000	16	8	0	3550	3503	3565	3518	6.3	22.6
4.easyfig.fa	5.easyfig.fa	77.778	9	2	0	391	417	816	842	8.7	22.1
4.easyfig.fa	5.easyfig.fa	61.538	13	5	0	6927	6965	1429	1467	8.7	22.1
4.easyfig.fa	5.easyfig.fa	30.000	30	21	0	2417	2506	7110	7199	8.7	22.1
4.easyfig.fa	5.easyfig.fa	78.571	14	3	0	930	889	13499	13458	8.7	22.1
4.easyfig.fa	5.easyfig.fa	87.500	8	1	0	1450	1473	13467	13490	8.7	22.1
4.easyfig.fa	5.easyfig.fa	45.000	20	11	0	3185	3126	14285	14344	8.7	22.1
4.easyfig.fa	5.easyfig.fa	54.545	11	5	0	4745	4777	16065	16097	8.7	22.1
4.easyfig.fa	5.easyfig.fa	31.579	19	13	0	3191	3135	20282	20338	8.7	22.1
