6.easyfig.fa	7.easyfig.fa	100.000	1061	0	0	3	3185	1	3183	0.0	2367
6.easyfig.fa	7.easyfig.fa	99.409	677	4	0	7084	5054	7081	5051	0.0	1612
6.easyfig.fa	7.easyfig.fa	99.385	488	3	0	5890	7353	5887	7350	0.0	1084
6.easyfig.fa	7.easyfig.fa	99.766	427	1	0	5571	4291	5568	4288	0.0	1012
6.easyfig.fa	7.easyfig.fa	98.675	453	6	0	5316	6674	5313	6671	0.0	946
6.easyfig.fa	7.easyfig.fa	99.282	418	3	0	7668	6415	7665	6412	0.0	891
6.easyfig.fa	7.easyfig.fa	98.098	368	7	0	6398	5295	6395	5292	0.0	775
6.easyfig.fa	7.easyfig.fa	99.035	311	3	0	7373	6441	7370	6438	0.0	667
6.easyfig.fa	7.easyfig.fa	99.678	311	1	0	4292	5224	4289	5221	0.0	651
6.easyfig.fa	7.easyfig.fa	100.000	273	0	0	473	1291	471	1289	0.0	582
6.easyfig.fa	7.easyfig.fa	98.673	226	3	0	4276	4953	4273	4950	0.0	550
6.easyfig.fa	7.easyfig.fa	98.696	230	3	0	4966	4277	4963	4274	0.0	534
6.easyfig.fa	7.easyfig.fa	100.000	261	0	0	3763	2981	3761	2979	0.0	527
6.easyfig.fa	7.easyfig.fa	97.154	246	7	0	6345	5608	6342	5605	0.0	524
6.easyfig.fa	7.easyfig.fa	100.000	218	0	0	3240	3893	3238	3891	0.0	518
6.easyfig.fa	7.easyfig.fa	100.000	237	0	0	715	5	713	3	0.0	503
6.easyfig.fa	7.easyfig.fa	100.000	242	0	0	1837	2562	1835	2560	0.0	500
6.easyfig.fa	7.easyfig.fa	100.000	232	0	0	2993	3688	2991	3686	0.0	475
6.easyfig.fa	7.easyfig.fa	100.000	214	0	0	5234	4593	5231	4590	0.0	457
6.easyfig.fa	7.easyfig.fa	99.495	198	1	0	2309	2902	2307	2900	0.0	440
6.easyfig.fa	7.easyfig.fa	100.000	204	0	0	1346	1957	1344	1955	0.0	439
6.easyfig.fa	7.easyfig.fa	99.454	183	1	0	5807	6355	5804	6352	0.0	436
6.easyfig.fa	7.easyfig.fa	100.000	199	0	0	2437	1841	2435	1839	0.0	414
6.easyfig.fa	7.easyfig.fa	100.000	190	0	0	2947	3516	2945	3514	0.0	413
6.easyfig.fa	7.easyfig.fa	100.000	182	0	0	2121	1576	2119	1574	0.0	382
6.easyfig.fa	7.easyfig.fa	96.835	158	5	0	5294	5767	5291	5764	0.0	360
6.easyfig.fa	7.easyfig.fa	100.000	144	0	0	874	1305	872	1303	0.0	296
6.easyfig.fa	7.easyfig.fa	100.000	150	0	0	1588	1139	1586	1137	0.0	289
6.easyfig.fa	7.easyfig.fa	100.000	144	0	0	7127	7558	7124	7555	0.0	286
6.easyfig.fa	7.easyfig.fa	100.000	146	0	0	5	442	3	440	0.0	280
6.easyfig.fa	7.easyfig.fa	100.000	112	0	0	7669	7334	7666	7331	0.0	258
6.easyfig.fa	7.easyfig.fa	100.000	119	0	0	3935	4291	3933	4289	0.0	258
6.easyfig.fa	7.easyfig.fa	97.273	110	3	0	6566	6895	6563	6892	0.0	256
6.easyfig.fa	7.easyfig.fa	100.000	109	0	0	6726	7052	6723	7049	0.0	253
6.easyfig.fa	7.easyfig.fa	100.000	110	0	0	3578	3249	3576	3247	0.0	246
6.easyfig.fa	7.easyfig.fa	100.000	104	0	0	1304	993	1302	991	0.0	239
6.easyfig.fa	7.easyfig.fa	100.000	95	0	0	4674	4958	4671	4955	0.0	219
6.easyfig.fa	7.easyfig.fa	100.000	95	0	0	1066	782	1064	780	0.0	219
6.easyfig.fa	7.easyfig.fa	100.000	93	0	0	2267	1989	2265	1987	0.0	210
6.easyfig.fa	7.easyfig.fa	100.000	88	0	0	3582	3319	3580	3317	0.0	203
6.easyfig.fa	7.easyfig.fa	100.000	85	0	0	653	399	651	397	0.0	200
6.easyfig.fa	7.easyfig.fa	98.947	95	1	0	5299	5583	5296	5580	0.0	199
6.easyfig.fa	7.easyfig.fa	97.115	104	3	0	3994	4305	3992	4303	0.0	188
6.easyfig.fa	7.easyfig.fa	100.000	81	0	0	7426	7668	7423	7665	0.0	188
6.easyfig.fa	7.easyfig.fa	100.000	81	0	0	7667	7425	7664	7422	0.0	187
6.easyfig.fa	7.easyfig.fa	98.750	80	1	0	2975	2736	2973	2734	0.0	187
6.easyfig.fa	7.easyfig.fa	95.652	92	4	0	4550	4275	4547	4272	0.0	183
6.easyfig.fa	7.easyfig.fa	100.000	92	0	0	702	427	700	425	0.0	177
6.easyfig.fa	7.easyfig.fa	100.000	76	0	0	7440	7667	7437	7664	0.0	175
6.easyfig.fa	7.easyfig.fa	100.000	76	0	0	2725	2498	2723	2496	0.0	171
6.easyfig.fa	7.easyfig.fa	100.000	73	0	0	966	748	964	746	0.0	169
6.easyfig.fa	7.easyfig.fa	100.000	97	0	0	7116	7406	7113	7403	0.0	167
6.easyfig.fa	7.easyfig.fa	100.000	82	0	0	944	699	942	697	0.0	155
6.easyfig.fa	7.easyfig.fa	98.876	89	1	0	2892	2626	2890	2624	0.0	145
6.easyfig.fa	7.easyfig.fa	100.000	70	0	0	5058	5267	5055	5264	0.0	142
6.easyfig.fa	7.easyfig.fa	100.000	61	0	0	1718	1536	1716	1534	0.0	140
6.easyfig.fa	7.easyfig.fa	100.000	56	0	0	3264	3097	3262	3095	0.0	133
6.easyfig.fa	7.easyfig.fa	100.000	69	0	0	2684	2478	2682	2476	0.0	125
6.easyfig.fa	7.easyfig.fa	100.000	53	0	0	375	217	373	215	0.0	125
6.easyfig.fa	7.easyfig.fa	83.077	65	11	0	4134	4328	4132	4326	0.0	123
6.easyfig.fa	7.easyfig.fa	100.000	88	0	0	4084	3821	4082	3819	0.0	119
6.easyfig.fa	7.easyfig.fa	100.000	50	0	0	4290	4141	4288	4139	0.0	118
6.easyfig.fa	7.easyfig.fa	89.286	56	6	0	5641	5808	5638	5805	0.0	118
6.easyfig.fa	7.easyfig.fa	100.000	54	0	0	1363	1524	1361	1522	0.0	117
6.easyfig.fa	7.easyfig.fa	100.000	45	0	0	6398	6532	6395	6529	0.0	112
6.easyfig.fa	7.easyfig.fa	100.000	51	0	0	3746	3898	3744	3896	0.0	111
6.easyfig.fa	7.easyfig.fa	100.000	44	0	0	475	606	473	604	0.0	110
6.easyfig.fa	7.easyfig.fa	100.000	52	0	0	1997	2152	1995	2150	0.0	109
6.easyfig.fa	7.easyfig.fa	100.000	42	0	0	5116	5241	5113	5238	0.0	109
6.easyfig.fa	7.easyfig.fa	100.000	48	0	0	2577	2434	2575	2432	0.0	106
6.easyfig.fa	7.easyfig.fa	100.000	50	0	0	7267	7118	7264	7115	0.0	103
6.easyfig.fa	7.easyfig.fa	100.000	42	0	0	6941	7066	6938	7063	0.0	101
6.easyfig.fa	7.easyfig.fa	100.000	50	0	0	1496	1347	1494	1345	0.0	99.6
6.easyfig.fa	7.easyfig.fa	92.500	40	3	0	4304	4185	4302	4183	0.0	97.3
6.easyfig.fa	7.easyfig.fa	100.000	39	0	0	1134	1018	1132	1016	0.0	95.9
6.easyfig.fa	7.easyfig.fa	90.000	40	4	0	4306	4187	4304	4185	0.0	95.0
6.easyfig.fa	7.easyfig.fa	100.000	41	0	0	3866	3744	3864	3742	0.0	94.5
6.easyfig.fa	7.easyfig.fa	100.000	41	0	0	3960	4082	3958	4080	0.0	94.1
6.easyfig.fa	7.easyfig.fa	100.000	42	0	0	1669	1794	1667	1792	0.0	90.0
6.easyfig.fa	7.easyfig.fa	100.000	34	0	0	347	246	345	244	0.0	87.7
6.easyfig.fa	7.easyfig.fa	97.619	42	1	0	2776	2901	2774	2899	0.0	86.8
6.easyfig.fa	7.easyfig.fa	100.000	39	0	0	1949	1833	1947	1831	0.0	86.8
6.easyfig.fa	7.easyfig.fa	100.000	37	0	0	3568	3678	3566	3676	0.0	80.8
6.easyfig.fa	7.easyfig.fa	100.000	34	0	0	2441	2340	2439	2338	0.0	80.8
6.easyfig.fa	7.easyfig.fa	100.000	32	0	0	4053	3958	4051	3956	0.0	76.7
6.easyfig.fa	7.easyfig.fa	100.000	33	0	0	3045	2947	3043	2945	0.0	73.0
6.easyfig.fa	7.easyfig.fa	100.000	31	0	0	4007	3915	4005	3913	0.0	70.7
6.easyfig.fa	7.easyfig.fa	100.000	32	0	0	3745	3840	3743	3838	0.0	69.3
6.easyfig.fa	7.easyfig.fa	100.000	25	0	0	2379	2305	2377	2303	0.0	60.2
6.easyfig.fa	7.easyfig.fa	100.000	24	0	0	2848	2777	2846	2775	0.0	57.0
6.easyfig.fa	7.easyfig.fa	100.000	29	0	0	2626	2712	2624	2710	0.0	54.7
6.easyfig.fa	7.easyfig.fa	100.000	20	0	0	1407	1348	1405	1346	0.0	54.7
6.easyfig.fa	7.easyfig.fa	100.000	26	0	0	655	732	653	730	0.0	52.8
6.easyfig.fa	7.easyfig.fa	100.000	20	0	0	4410	4469	4407	4466	0.0	51.5
6.easyfig.fa	7.easyfig.fa	100.000	21	0	0	7607	7669	7604	7666	0.0	51.0
6.easyfig.fa	7.easyfig.fa	100.000	22	0	0	69	4	67	2	0.0	50.6
6.easyfig.fa	7.easyfig.fa	100.000	20	0	0	3149	3090	3147	3088	0.0	49.6
6.easyfig.fa	7.easyfig.fa	100.000	20	0	0	62	3	60	1	0.0	49.2
6.easyfig.fa	7.easyfig.fa	100.000	33	0	0	4542	4640	4539	4637	0.0	47.8
6.easyfig.fa	7.easyfig.fa	100.000	22	0	0	3852	3787	3850	3785	0.0	46.9
6.easyfig.fa	7.easyfig.fa	100.000	15	0	0	5017	5061	5014	5058	0.0	46.0
6.easyfig.fa	7.easyfig.fa	100.000	16	0	0	3671	3624	3669	3622	0.0	44.6
6.easyfig.fa	7.easyfig.fa	100.000	18	0	0	781	834	779	832	0.0	44.1
6.easyfig.fa	7.easyfig.fa	100.000	18	0	0	1233	1180	1231	1178	0.0	42.3
6.easyfig.fa	7.easyfig.fa	100.000	16	0	0	2204	2251	2202	2249	0.0	38.6
6.easyfig.fa	7.easyfig.fa	100.000	16	0	0	1684	1637	1682	1635	0.0	37.7
6.easyfig.fa	7.easyfig.fa	100.000	11	0	0	1576	1608	1574	1606	0.0	25.8
6.easyfig.fa	7.easyfig.fa	100.000	7	0	0	3038	3018	3036	3016	0.0	23.1
6.easyfig.fa	7.easyfig.fa	100.000	9	0	0	1790	1764	1788	1762	0.0	22.6
6.easyfig.fa	7.easyfig.fa	100.000	9	0	0	1792	1766	1790	1764	0.0	22.1
6.easyfig.fa	7.easyfig.fa	100.000	9	0	0	1542	1516	1540	1514	0.0	21.2
6.easyfig.fa	7.easyfig.fa	100.000	8	0	0	138	115	136	113	0.0	21.2
6.easyfig.fa	7.easyfig.fa	100.000	43	0	0	4	132	2	130	6.39e-28	94.1
6.easyfig.fa	7.easyfig.fa	78.125	32	7	0	4257	4352	4254	4349	6.39e-28	62.0
6.easyfig.fa	7.easyfig.fa	100.000	9	0	0	226	252	224	250	6.39e-28	22.1
6.easyfig.fa	7.easyfig.fa	77.778	9	2	0	6127	6153	4788	4814	6.39e-28	22.1
6.easyfig.fa	7.easyfig.fa	43.478	23	13	0	3125	3193	3771	3839	6.39e-28	21.2
6.easyfig.fa	7.easyfig.fa	27.027	37	27	0	7449	7559	6134	6244	6.39e-28	20.3
6.easyfig.fa	7.easyfig.fa	70.000	10	3	0	2046	2075	2618	2647	6.39e-28	19.9
6.easyfig.fa	7.easyfig.fa	31.250	32	22	0	6991	7086	5792	5887	6.39e-28	19.9
6.easyfig.fa	7.easyfig.fa	81.818	11	2	0	1142	1110	5315	5347	0.044	28.1
6.easyfig.fa	7.easyfig.fa	81.818	11	2	0	5318	5350	1140	1108	0.044	28.1
6.easyfig.fa	7.easyfig.fa	47.368	19	10	0	7668	7612	4481	4537	0.41	24.9
6.easyfig.fa	7.easyfig.fa	69.231	13	4	0	4502	4540	7647	7609	2.0	22.6
6.easyfig.fa	7.easyfig.fa	29.167	24	17	0	6013	5942	1603	1674	2.8	22.1
6.easyfig.fa	7.easyfig.fa	44.444	18	10	0	3384	3331	4977	5030	2.8	22.1
6.easyfig.fa	7.easyfig.fa	29.167	24	17	0	1605	1676	6010	5939	2.8	22.1
6.easyfig.fa	7.easyfig.fa	77.778	9	2	0	4791	4817	6124	6150	2.8	22.1
6.easyfig.fa	7.easyfig.fa	33.333	18	12	0	6646	6593	2638	2691	3.8	21.7
6.easyfig.fa	7.easyfig.fa	42.857	14	8	0	2426	2385	3876	3835	3.8	21.7
6.easyfig.fa	7.easyfig.fa	42.857	21	12	0	3393	3331	5004	5066	3.8	21.7
6.easyfig.fa	7.easyfig.fa	53.846	13	6	0	3401	3363	5324	5362	3.8	21.7
6.easyfig.fa	7.easyfig.fa	33.333	18	12	0	2640	2693	6643	6590	3.8	21.7
6.easyfig.fa	7.easyfig.fa	47.059	17	9	0	4275	4325	4304	4254	3.8	21.7
6.easyfig.fa	7.easyfig.fa	53.846	13	6	0	5327	5365	3399	3361	3.8	21.7
6.easyfig.fa	7.easyfig.fa	42.857	14	8	0	2665	2624	3750	3709	5.2	21.2
6.easyfig.fa	7.easyfig.fa	43.478	23	13	0	3773	3841	3123	3191	5.2	21.2
6.easyfig.fa	7.easyfig.fa	30.000	20	14	0	7222	7281	3969	3910	9.8	20.3
6.easyfig.fa	7.easyfig.fa	27.027	37	27	0	6137	6247	7446	7556	9.8	20.3
