7.easyfig.fa	8.easyfig.fa	58.140	86	36	0	4827	4570	4835	5092	8.08e-69	126
7.easyfig.fa	8.easyfig.fa	58.537	41	17	0	4950	4828	4709	4831	8.08e-69	67.0
7.easyfig.fa	8.easyfig.fa	62.500	40	15	0	5079	4960	4577	4696	8.08e-69	59.7
7.easyfig.fa	8.easyfig.fa	43.182	44	25	0	5238	5107	4397	4528	8.08e-69	54.2
7.easyfig.fa	8.easyfig.fa	58.621	58	24	0	4598	4771	5064	4891	1.67e-28	71.2
7.easyfig.fa	8.easyfig.fa	54.054	37	17	0	4961	5071	4695	4585	1.67e-28	40.0
7.easyfig.fa	8.easyfig.fa	54.167	24	11	0	4879	4950	4780	4709	1.67e-28	36.8
7.easyfig.fa	8.easyfig.fa	66.667	12	4	0	5144	5179	4491	4456	1.67e-28	21.7
7.easyfig.fa	8.easyfig.fa	45.000	40	22	0	4585	4704	5077	4958	1.15e-14	35.4
7.easyfig.fa	8.easyfig.fa	72.727	22	6	0	4886	4951	4773	4708	1.15e-14	35.0
7.easyfig.fa	8.easyfig.fa	46.667	30	16	0	4738	4827	4924	4835	1.15e-14	34.5
7.easyfig.fa	8.easyfig.fa	39.474	76	46	0	4829	4602	4833	5060	2.99e-10	41.4
7.easyfig.fa	8.easyfig.fa	53.846	26	12	0	4951	4874	4708	4785	2.99e-10	27.2
7.easyfig.fa	8.easyfig.fa	64.706	17	6	0	5012	4962	4644	4694	2.99e-10	20.8
7.easyfig.fa	8.easyfig.fa	33.333	30	20	0	7117	7206	956	867	0.50	24.4
7.easyfig.fa	8.easyfig.fa	70.000	10	3	0	6670	6641	1145	1174	0.94	23.5
7.easyfig.fa	8.easyfig.fa	31.818	22	15	0	4540	4605	3316	3381	1.3	23.1
7.easyfig.fa	8.easyfig.fa	30.769	26	18	0	3314	3237	2309	2386	1.8	22.6
7.easyfig.fa	8.easyfig.fa	50.000	16	8	0	5060	5107	5143	5096	2.4	22.1
7.easyfig.fa	8.easyfig.fa	70.000	10	3	0	7222	7251	3331	3360	2.4	22.1
7.easyfig.fa	8.easyfig.fa	30.769	26	18	0	6221	6298	1683	1606	2.4	22.1
7.easyfig.fa	8.easyfig.fa	50.000	14	7	0	4235	4194	609	568	3.3	21.7
7.easyfig.fa	8.easyfig.fa	53.846	13	6	0	2725	2687	3911	3949	3.3	21.7
7.easyfig.fa	8.easyfig.fa	32.000	25	17	0	6913	6987	609	535	3.3	21.7
7.easyfig.fa	8.easyfig.fa	50.000	10	5	0	5440	5411	2227	2198	4.6	21.2
7.easyfig.fa	8.easyfig.fa	32.353	34	23	0	817	918	1655	1756	4.6	21.2
7.easyfig.fa	8.easyfig.fa	56.250	16	7	0	4507	4554	4423	4376	4.6	21.2
7.easyfig.fa	8.easyfig.fa	43.750	16	9	0	1159	1206	6182	6135	6.3	20.8
7.easyfig.fa	8.easyfig.fa	50.000	12	6	0	7195	7230	5795	5760	6.3	20.8
7.easyfig.fa	8.easyfig.fa	50.000	10	5	0	3442	3413	3133	3162	6.3	20.8
7.easyfig.fa	8.easyfig.fa	53.846	13	6	0	2008	2046	3097	3059	6.3	20.8
7.easyfig.fa	8.easyfig.fa	46.667	15	8	0	946	902	1748	1704	8.6	20.3
7.easyfig.fa	8.easyfig.fa	56.250	16	7	0	56	9	497	450	8.6	20.3
7.easyfig.fa	8.easyfig.fa	66.667	12	4	0	7171	7206	1756	1791	8.6	20.3
7.easyfig.fa	8.easyfig.fa	53.846	13	6	0	4636	4674	2843	2805	8.6	20.3
7.easyfig.fa	8.easyfig.fa	83.333	6	1	0	4444	4427	4712	4729	8.6	20.3
7.easyfig.fa	8.easyfig.fa	42.105	19	11	0	5296	5352	460	404	8.6	20.3
