8.easyfig.fa	9.easyfig.fa	98.812	505	6	0	2979	1465	2766	1252	0.0	1139
8.easyfig.fa	9.easyfig.fa	98.081	469	9	0	736	2142	523	1929	0.0	1056
8.easyfig.fa	9.easyfig.fa	99.536	431	2	0	4647	5939	4495	5787	0.0	983
8.easyfig.fa	9.easyfig.fa	98.489	397	6	0	4377	3187	4225	3035	0.0	856
8.easyfig.fa	9.easyfig.fa	99.138	348	3	0	965	2008	752	1795	0.0	804
8.easyfig.fa	9.easyfig.fa	99.377	321	2	0	5194	4232	5042	4080	0.0	739
8.easyfig.fa	9.easyfig.fa	97.987	298	6	0	6434	5541	6282	5389	0.0	683
8.easyfig.fa	9.easyfig.fa	99.259	270	2	0	4307	5116	4155	4964	0.0	680
8.easyfig.fa	9.easyfig.fa	97.840	324	7	0	1928	957	1715	744	0.0	657
8.easyfig.fa	9.easyfig.fa	99.333	300	2	0	4405	5304	4253	5152	0.0	643
8.easyfig.fa	9.easyfig.fa	96.591	264	9	0	6454	5663	6302	5511	0.0	582
8.easyfig.fa	9.easyfig.fa	96.604	265	9	0	6444	5650	6292	5498	0.0	563
8.easyfig.fa	9.easyfig.fa	97.276	257	7	0	3825	4595	3673	4443	0.0	537
8.easyfig.fa	9.easyfig.fa	99.145	234	2	0	5136	4435	4984	4283	0.0	519
8.easyfig.fa	9.easyfig.fa	99.119	227	2	0	5114	4434	4962	4282	0.0	510
8.easyfig.fa	9.easyfig.fa	99.573	234	1	0	2755	2054	2542	1841	0.0	492
8.easyfig.fa	9.easyfig.fa	97.797	227	5	0	288	968	75	755	0.0	488
8.easyfig.fa	9.easyfig.fa	100.000	194	0	0	3784	3203	3632	3051	0.0	412
8.easyfig.fa	9.easyfig.fa	99.408	169	1	0	4379	3873	4227	3721	0.0	411
8.easyfig.fa	9.easyfig.fa	99.401	167	1	0	5660	6160	5508	6008	0.0	392
8.easyfig.fa	9.easyfig.fa	99.405	168	1	0	2483	1980	2270	1767	0.0	363
8.easyfig.fa	9.easyfig.fa	99.371	159	1	0	3886	4362	3734	4210	0.0	335
8.easyfig.fa	9.easyfig.fa	100.000	150	0	0	5165	5614	5013	5462	0.0	329
8.easyfig.fa	9.easyfig.fa	100.000	142	0	0	1329	1754	1116	1541	0.0	318
8.easyfig.fa	9.easyfig.fa	100.000	142	0	0	3361	3786	3209	3634	0.0	297
8.easyfig.fa	9.easyfig.fa	97.945	146	3	0	652	215	439	2	0.0	290
8.easyfig.fa	9.easyfig.fa	100.000	126	0	0	5623	5246	5471	5094	0.0	289
8.easyfig.fa	9.easyfig.fa	100.000	118	0	0	1756	1403	1543	1190	0.0	273
8.easyfig.fa	9.easyfig.fa	96.753	154	5	0	5974	6435	5822	6283	0.0	272
8.easyfig.fa	9.easyfig.fa	100.000	116	0	0	1398	1051	1185	838	0.0	270
8.easyfig.fa	9.easyfig.fa	97.458	118	3	0	215	568	2	355	0.0	266
8.easyfig.fa	9.easyfig.fa	100.000	101	0	0	861	559	648	346	0.0	251
8.easyfig.fa	9.easyfig.fa	99.048	105	1	0	605	919	392	706	0.0	248
8.easyfig.fa	9.easyfig.fa	100.000	106	0	0	2430	2747	2217	2534	0.0	245
8.easyfig.fa	9.easyfig.fa	97.321	112	3	0	4195	3860	4043	3708	0.0	236
8.easyfig.fa	9.easyfig.fa	100.000	94	0	0	214	495	1	282	0.0	228
8.easyfig.fa	9.easyfig.fa	99.029	103	1	0	5611	5919	5459	5767	0.0	227
8.easyfig.fa	9.easyfig.fa	100.000	92	0	0	3815	3540	3663	3388	0.0	225
8.easyfig.fa	9.easyfig.fa	100.000	110	0	0	3368	3697	3216	3545	0.0	224
8.easyfig.fa	9.easyfig.fa	96.667	90	3	0	483	214	270	1	0.0	210
8.easyfig.fa	9.easyfig.fa	98.936	94	1	0	1348	1067	1135	854	0.0	209
8.easyfig.fa	9.easyfig.fa	100.000	90	0	0	3516	3785	3364	3633	0.0	207
8.easyfig.fa	9.easyfig.fa	97.849	93	2	0	964	686	751	473	0.0	205
8.easyfig.fa	9.easyfig.fa	87.736	106	13	0	2848	3165	2635	2952	0.0	203
8.easyfig.fa	9.easyfig.fa	100.000	81	0	0	3213	3455	3061	3303	0.0	203
8.easyfig.fa	9.easyfig.fa	88.571	105	12	0	3122	2808	2909	2595	0.0	198
8.easyfig.fa	9.easyfig.fa	95.146	103	5	0	2808	3116	2595	2903	0.0	187
8.easyfig.fa	9.easyfig.fa	100.000	77	0	0	2243	2473	2030	2260	0.0	183
8.easyfig.fa	9.easyfig.fa	100.000	73	0	0	5595	5377	5443	5225	0.0	182
8.easyfig.fa	9.easyfig.fa	100.000	73	0	0	2443	2661	2230	2448	0.0	180
8.easyfig.fa	9.easyfig.fa	85.714	84	12	0	6203	6454	6051	6302	0.0	179
8.easyfig.fa	9.easyfig.fa	96.154	78	3	0	3734	3967	3582	3815	0.0	175
8.easyfig.fa	9.easyfig.fa	100.000	68	0	0	5979	6182	5827	6030	0.0	172
8.easyfig.fa	9.easyfig.fa	100.000	67	0	0	2187	2387	1974	2174	0.0	158
8.easyfig.fa	9.easyfig.fa	100.000	66	0	0	524	327	311	114	0.0	148
8.easyfig.fa	9.easyfig.fa	98.485	66	1	0	1062	1259	849	1046	0.0	145
8.easyfig.fa	9.easyfig.fa	100.000	59	0	0	2197	2373	1984	2160	0.0	145
8.easyfig.fa	9.easyfig.fa	100.000	68	0	0	5353	5556	5201	5404	0.0	141
8.easyfig.fa	9.easyfig.fa	100.000	56	0	0	6288	6455	6136	6303	0.0	134
8.easyfig.fa	9.easyfig.fa	100.000	53	0	0	5334	5176	5182	5024	0.0	125
8.easyfig.fa	9.easyfig.fa	98.039	51	1	0	2008	1856	1795	1643	0.0	122
8.easyfig.fa	9.easyfig.fa	100.000	46	0	0	3488	3351	3336	3199	0.0	119
8.easyfig.fa	9.easyfig.fa	97.778	45	1	0	1998	2132	1785	1919	0.0	115
8.easyfig.fa	9.easyfig.fa	95.000	60	3	0	2804	2983	2591	2770	0.0	114
8.easyfig.fa	9.easyfig.fa	100.000	45	0	0	731	597	518	384	0.0	111
8.easyfig.fa	9.easyfig.fa	100.000	44	0	0	5321	5190	5169	5038	0.0	105
8.easyfig.fa	9.easyfig.fa	97.674	43	1	0	4016	4144	3864	3992	0.0	101
8.easyfig.fa	9.easyfig.fa	100.000	41	0	0	5486	5364	5334	5212	0.0	96.4
8.easyfig.fa	9.easyfig.fa	94.595	37	2	0	1851	1961	1638	1748	0.0	89.0
8.easyfig.fa	9.easyfig.fa	97.368	38	1	0	908	795	695	582	0.0	86.3
8.easyfig.fa	9.easyfig.fa	100.000	34	0	0	2096	2197	1883	1984	0.0	79.9
8.easyfig.fa	9.easyfig.fa	100.000	30	0	0	610	699	397	486	0.0	79.4
8.easyfig.fa	9.easyfig.fa	100.000	31	0	0	2624	2716	2411	2503	0.0	73.5
8.easyfig.fa	9.easyfig.fa	100.000	32	0	0	3206	3301	3054	3149	0.0	73.5
8.easyfig.fa	9.easyfig.fa	89.655	29	3	0	3109	3023	2896	2810	0.0	64.3
8.easyfig.fa	9.easyfig.fa	96.429	28	1	0	4181	4264	4029	4112	0.0	62.9
8.easyfig.fa	9.easyfig.fa	100.000	25	0	0	3229	3303	3077	3151	0.0	62.0
8.easyfig.fa	9.easyfig.fa	100.000	20	0	0	275	216	62	3	0.0	57.0
8.easyfig.fa	9.easyfig.fa	86.957	23	3	0	3041	3109	2828	2896	0.0	54.7
8.easyfig.fa	9.easyfig.fa	100.000	24	0	0	3293	3222	3141	3070	0.0	48.7
8.easyfig.fa	9.easyfig.fa	100.000	20	0	0	2522	2581	2309	2368	0.0	47.8
8.easyfig.fa	9.easyfig.fa	100.000	19	0	0	2752	2808	2539	2595	0.0	45.5
8.easyfig.fa	9.easyfig.fa	100.000	17	0	0	2603	2553	2390	2340	0.0	39.1
8.easyfig.fa	9.easyfig.fa	100.000	14	0	0	951	910	738	697	0.0	38.6
8.easyfig.fa	9.easyfig.fa	100.000	12	0	0	3195	3160	2982	2947	0.0	21.2
8.easyfig.fa	9.easyfig.fa	100.000	10	0	0	216	245	3	32	0.0	20.3
8.easyfig.fa	9.easyfig.fa	75.000	8	2	0	4131	4154	4042	4065	0.0	19.9
8.easyfig.fa	9.easyfig.fa	38.462	26	16	0	6236	6313	6085	6162	0.0	19.4
8.easyfig.fa	9.easyfig.fa	60.000	15	6	0	6557	6601	6139	6183	0.0	19.4
8.easyfig.fa	9.easyfig.fa	41.176	17	10	0	3812	3862	3960	4010	0.0	18.9
8.easyfig.fa	9.easyfig.fa	100.000	47	0	0	2980	2840	2767	2627	1.69e-26	108
8.easyfig.fa	9.easyfig.fa	36.364	22	14	0	6374	6309	531	466	0.004	24.9
8.easyfig.fa	9.easyfig.fa	77.778	9	2	0	6240	6214	387	361	0.004	22.6
8.easyfig.fa	9.easyfig.fa	40.000	30	18	0	640	551	1652	1741	0.009	29.9
8.easyfig.fa	9.easyfig.fa	40.000	30	18	0	1865	1954	427	338	0.009	29.9
8.easyfig.fa	9.easyfig.fa	77.778	9	2	0	600	574	6088	6062	0.066	22.6
8.easyfig.fa	9.easyfig.fa	45.455	11	6	0	711	679	6189	6157	0.066	20.3
8.easyfig.fa	9.easyfig.fa	41.935	31	18	0	5065	5157	6127	6035	0.41	24.4
8.easyfig.fa	9.easyfig.fa	80.000	10	2	0	2992	3021	4751	4722	0.41	24.4
8.easyfig.fa	9.easyfig.fa	63.636	11	4	0	3312	3344	2556	2588	0.41	24.4
8.easyfig.fa	9.easyfig.fa	81.818	11	2	0	6269	6237	6118	6086	0.77	23.5
8.easyfig.fa	9.easyfig.fa	26.316	38	28	0	6206	6319	1529	1642	0.77	23.5
8.easyfig.fa	9.easyfig.fa	50.000	14	7	0	2221	2262	5025	4984	1.1	23.1
8.easyfig.fa	9.easyfig.fa	30.769	26	18	0	4411	4334	2107	2184	1.1	23.1
8.easyfig.fa	9.easyfig.fa	58.333	12	5	0	5405	5440	4023	3988	1.4	22.6
8.easyfig.fa	9.easyfig.fa	58.333	12	5	0	4175	4140	5253	5288	1.4	22.6
8.easyfig.fa	9.easyfig.fa	43.750	16	9	0	6677	6724	1543	1590	2.7	21.7
8.easyfig.fa	9.easyfig.fa	50.000	14	7	0	500	459	1429	1388	3.8	21.2
8.easyfig.fa	9.easyfig.fa	50.000	14	7	0	1642	1601	287	246	3.8	21.2
8.easyfig.fa	9.easyfig.fa	70.000	10	3	0	4903	4874	2779	2808	3.8	21.2
8.easyfig.fa	9.easyfig.fa	44.444	18	10	0	6269	6216	6062	6115	3.8	21.2
8.easyfig.fa	9.easyfig.fa	28.571	35	25	0	798	694	4861	4757	5.2	20.8
8.easyfig.fa	9.easyfig.fa	50.000	20	10	0	646	587	698	639	5.2	20.8
8.easyfig.fa	9.easyfig.fa	47.619	21	11	0	668	606	364	426	5.2	20.8
8.easyfig.fa	9.easyfig.fa	100.000	7	0	0	4836	4816	4536	4556	5.2	20.8
8.easyfig.fa	9.easyfig.fa	30.000	30	21	0	5873	5784	333	244	7.1	20.3
8.easyfig.fa	9.easyfig.fa	42.105	19	11	0	5373	5429	4205	4149	7.1	20.3
8.easyfig.fa	9.easyfig.fa	66.667	9	3	0	4191	4217	3976	4002	7.1	20.3
8.easyfig.fa	9.easyfig.fa	42.105	19	11	0	4357	4301	5221	5277	7.1	20.3
8.easyfig.fa	9.easyfig.fa	41.176	17	10	0	4325	4275	5382	5332	9.7	19.9
8.easyfig.fa	9.easyfig.fa	47.059	17	9	0	6281	6231	4275	4225	9.7	19.9
8.easyfig.fa	9.easyfig.fa	71.429	7	2	0	6758	6738	3759	3779	9.7	19.9
8.easyfig.fa	9.easyfig.fa	87.500	8	1	0	5614	5591	4058	4081	9.7	19.9
8.easyfig.fa	9.easyfig.fa	46.154	13	7	0	91	129	287	249	9.7	19.9
8.easyfig.fa	9.easyfig.fa	46.154	13	7	0	4351	4313	6039	6077	9.7	19.9
