9.easyfig.fa	10.easyfig.fa	55.385	130	58	0	4548	4937	39245	39634	5.11e-67	197
9.easyfig.fa	10.easyfig.fa	51.613	31	15	0	4284	4376	39011	39103	5.11e-67	46.0
9.easyfig.fa	10.easyfig.fa	50.000	32	16	0	4449	4544	39149	39244	5.11e-67	42.3
9.easyfig.fa	10.easyfig.fa	55.556	54	24	0	4714	4553	39411	39250	4.17e-27	62.0
9.easyfig.fa	10.easyfig.fa	41.667	60	35	0	4918	4739	39615	39436	4.17e-27	41.4
9.easyfig.fa	10.easyfig.fa	53.333	30	14	0	4546	4457	39246	39157	4.17e-27	34.1
9.easyfig.fa	10.easyfig.fa	52.632	19	9	0	4340	4284	39067	39011	4.17e-27	29.9
9.easyfig.fa	10.easyfig.fa	46.809	47	25	0	4703	4563	39400	39260	1.35e-12	50.1
9.easyfig.fa	10.easyfig.fa	35.714	42	27	0	4916	4791	39613	39488	1.35e-12	33.6
9.easyfig.fa	10.easyfig.fa	40.964	83	49	0	4562	4810	39259	39507	3.67e-07	47.3
9.easyfig.fa	10.easyfig.fa	41.667	48	28	0	4564	4707	39261	39404	3.97e-04	37.3
9.easyfig.fa	10.easyfig.fa	42.553	47	27	0	4689	4549	39386	39246	0.004	34.1
9.easyfig.fa	10.easyfig.fa	41.667	24	14	0	4232	4161	32579	32650	0.23	28.1
9.easyfig.fa	10.easyfig.fa	32.609	46	31	0	2818	2955	42887	43024	0.31	27.6
9.easyfig.fa	10.easyfig.fa	36.000	25	16	0	3027	3101	19730	19804	0.43	27.2
9.easyfig.fa	10.easyfig.fa	70.000	10	3	0	4752	4781	24799	24770	0.81	26.3
9.easyfig.fa	10.easyfig.fa	34.884	43	28	0	3004	3132	36955	37083	0.81	26.3
9.easyfig.fa	10.easyfig.fa	38.095	21	13	0	4029	4091	14924	14986	2.1	24.9
9.easyfig.fa	10.easyfig.fa	39.394	33	20	0	881	979	44287	44189	2.9	24.4
9.easyfig.fa	10.easyfig.fa	47.368	19	10	0	4168	4112	31902	31958	2.9	24.4
9.easyfig.fa	10.easyfig.fa	26.829	41	30	0	2846	2968	4361	4483	2.9	24.4
9.easyfig.fa	10.easyfig.fa	30.556	36	25	0	697	804	21048	21155	2.9	24.4
9.easyfig.fa	10.easyfig.fa	58.824	17	7	0	4734	4684	46371	46321	4.0	24.0
9.easyfig.fa	10.easyfig.fa	33.333	30	20	0	2331	2242	7409	7320	4.0	24.0
9.easyfig.fa	10.easyfig.fa	32.143	28	19	0	2840	2923	40999	41082	4.0	24.0
9.easyfig.fa	10.easyfig.fa	37.500	24	15	0	4871	4800	14164	14235	5.5	23.5
9.easyfig.fa	10.easyfig.fa	20.000	55	44	0	5637	5473	22718	22882	5.5	23.5
9.easyfig.fa	10.easyfig.fa	40.741	27	16	0	1886	1966	22045	22125	5.5	23.5
9.easyfig.fa	10.easyfig.fa	32.258	31	21	0	3219	3311	31696	31788	5.5	23.5
9.easyfig.fa	10.easyfig.fa	40.000	25	15	0	2911	2985	38759	38833	5.5	23.5
9.easyfig.fa	10.easyfig.fa	53.333	15	7	0	1376	1332	41037	40993	7.5	23.1
9.easyfig.fa	10.easyfig.fa	53.846	13	6	0	4716	4678	39377	39339	7.5	23.1
9.easyfig.fa	10.easyfig.fa	35.294	17	11	0	5523	5473	13291	13341	7.5	23.1
9.easyfig.fa	10.easyfig.fa	36.667	30	19	0	215	126	30415	30326	7.5	23.1
9.easyfig.fa	10.easyfig.fa	41.176	17	10	0	4469	4419	22706	22756	7.5	23.1
9.easyfig.fa	10.easyfig.fa	37.500	16	10	0	1154	1107	21377	21330	7.5	23.1
9.easyfig.fa	10.easyfig.fa	31.250	32	22	0	1534	1629	1599	1504	7.5	23.1
9.easyfig.fa	10.easyfig.fa	40.000	20	12	0	5742	5683	496	437	7.5	23.1
9.easyfig.fa	10.easyfig.fa	38.462	13	8	0	3024	3062	4397	4435	7.5	23.1
9.easyfig.fa	10.easyfig.fa	66.667	12	4	0	3024	3059	12505	12540	7.5	23.1
9.easyfig.fa	10.easyfig.fa	38.462	26	16	0	2897	2974	25227	25304	7.5	23.1
